
five near-integers

 25/47 + O(2^28)
 1 0 1 1 0 0 1 1 1 0 1 1 1 1 1 0 1 0 1 0 0 0 1 1 0 1 1 1
 11/45 + O(2^28)
 0 1 1 0 1 1 0 0 0 0 0 1 0 1 1 0 1 1 0 0 0 0 0 1 0 1 1 1
agM
 0 1 1 1 1 1 1 1 1 1 1 1 1 1 1 1 0 0 0 1 0 1 1 0 0 1 1 1
-3737


 5/17 + O(2^24)
 1 0 1 1 0 1 0 0 1 0 1 1 0 1 0 0 1 0 1 1 0 1 0 1
 31/35 + O(2^24)
 0 0 0 1 1 1 0 1 0 1 0 0 0 0 0 1 1 1 0 1 0 1 0 1
agM
 0 0 0 1 1 1 0 0 0 0 0 0 0 0 0 0 0 0 0 0 0 1 0 1
 5


 8/13 + O(3^24)
 1 0 1 1 0 1 1 0 1 1 0 1 1 0 1 1 0 1 1 0 1 1 0 2
 5/58 + O(3^24)
 0 0 0 1 1 0 1 2 0 1 0 0 2 0 2 2 2 1 1 2 1 0 2 2
agM
 2 1 0 1 1 1 0 0 0 0 0 0 0 0 0 0 0 0 0 1 0 0 1 2
 86


 5/46 + O(3^24)
 1 1 2 2 0 0 0 1 2 0 2 1 1 2 2 0 0 0 1 2 0 2 1 2
 28/41 + O(3^24)
 0 2 2 1 2 0 0 1 0 2 2 1 2 0 0 1 0 2 2 1 2 0 0 2
agM
 2 2 2 1 0 0 0 0 0 0 0 0 0 0 0 0 0 1 2 2 2 0 2 2
 1439


 4/37 + O(7^18)
 6 1 4 6 3 0 1 2 1 6 1 4 6 3 0 1 2 2
 9/29 + O(7^18)
 3 6 0 1 4 5 5 3 6 0 1 4 5 5 3 6 0 2
agM
 2 0 0 0 0 0 0 0 0 0 3 1 3 1 4 6 1 2
 2642775


 6/245 + O(5^19)
 0 1 2 3 1 1 3 0 4 0 2 0 1 0 0 2 2 3. 4
 1/245 + O(5^19)
 2 2 3 3 4 1 4 3 2 1 3 3 1 4 0 4 2 4. 4
agM
 2 0 0 0 3 1 0 0 0 0 0 0 2 4 4 0 1 1. 4
 1397001/6725570


 2/43 + O(13^17)
 7 7 3 4 3 0 3 12 1 2 9 4 10 11 6 4 7
 38/63 + O(13^17)
 2 0 10 9 6 5 2 0 10 9 6 5 2 0 10 9 7
agM
 11 7 0 0 0 11 4 7 0 7 4 11 0 10 7 0 7
 2103427861/538383317


timer: 0.0050397s
