
each line must have a comma

O(3^20)
 2 2 2 0 1 2 1 2 0 0 0 2 1 0 1 1 0 0. 2 1
 319/306
 2 0 2 0 2 0 2 0 2 0 2 0 2 0 2 0 2 1 0. 1
 13/12

a + b
 0 1 2 2 2 1 2 1 0 2 1 1 1 2 2 0 1 1. 0 1
 1301/612

a - b
 2 0 1 1 1 0 0 2 2 1 0 0 0 1 0 1 2 0. 1 1
-25/612
|.|_p = 9

a^2 - b^2
 2 2 2 2 1 0 1 1 1 0 0 0 1 0 2 0. 1 1 1 1
-32525/374544

(a+b)/(a-b)
 0 0 1 0 0 2 0 1 1 0 2 2 1 2 2 0 0 1 2 1
-1301/25

(a-b)/(a+b)
 2 0 2 1 1 2 0 1 1 2 0 1 0 1 2 0 2 2 1 1
-25/1301



O(5^22)
 2 0 3 2 4 1 2 0 3 2 4 1 2 0 3 2 4 1 2 0 3 3
 1/7
 0 0 0 0 0 0 0 0 0 0 0 0 0 0 0 0 0 1 2 0 3 3
 893

a + b
 2 0 3 2 4 1 2 0 3 2 4 1 2 0 3 2 4 2 4 1 2 1
 6252/7

a - b
 2 0 3 2 4 1 2 0 3 2 4 1 2 0 3 2 4 0 0 0 0 0
-6250/7
|.|_p = 1/3125

a^2 - b^2
 1 1 3 0 4 1 0 0 2 2 3 3 4 1 4 3 2 1 1 3 0 4 v5
-39075000/49

(a+b)/(a-b)
 0 0 0 3 0 4 4 4 4 4 4 4 4 4 4 4 3. 4 4 4 4 4
-3126/3125

(a-b)/(a+b)
 4 3 4 1 4 0 0 4 4 4 4 4 0 0 0 0 0 4 4 4 4 4 v5
-3125/3126


O(7^9)
 1 2 5 4 1 2 5 4 1
-2/5
 4 4 4 4 4 4 4 4 1
-11/3

a + b
 6 0 3 1 6 0 3 1 2
-61/15

a - b
 3 5 0 6 3 5 1 0 0
 49/15
|.|_p = 1/49

a^2 - b^2
 6 6 3 6 4 4 1 4 2 v2
-2989/225

(a+b)/(a-b)
 1 6 6 6 6 6 5. 5 2
-61/49

(a-b)/(a+b)
 0 1 5 0 2 2 6 0 4 v2
-49/61


O(11^10)
 0 10 0 10 0 10 0 10 2 0
 143/12
 10 10 10 10 10 10 10 10 1 0
-110

a + b
 0 10 0 10 0 10 0 9 3 0
-1177/12

a - b
 0 10 0 10 0 10 1 0 1 0
 1463/12
|.|_p = 1/11

a^2 - b^2
 1 10 1 8 3 6 5 3 9 3 v2
-1721951/144

(a+b)/(a-b)
 5 8 9 3 8 9 3 8 9 3
-107/133

(a-b)/(a+b)
 3 1 8 2 5 1 5 10 6 4
-133/107


