
-13/3 + O(2^19)
 1 0 1 0 1 0 1 0 1 0 1 0 1 0 1 0 0 0 1
-19/5 + O(2^19)
 1 0 0 1 1 0 0 1 1 0 0 1 1 0 0 1 0 0 1

a + b
 0 1 0 0 0 1 0 0 0 1 0 0 0 0 1 1 0 1 0
-122/15

a - b
 0 0 0 1 0 0 0 1 0 0 0 1 0 0 0 1 0 0 0
-8/15
|.|_p = 1/8

a^2 - b^2
 0 0 0 1 1 1 1 1 1 1 0 1 1 0 1 1 1 0 1 v4
 976/225

(a+b)/(a-b)
 0 1 0 0 0 0 0 0 0 0 0 0 0 1 1 1 1. 0 1
 61/4

(a-b)/(a+b)
 0 1 0 1 0 0 1 0 1 1 1 0 0 0 1 0 1 0 1 v2
 4/61


-7/1 + O(2^22)
 1 1 1 1 1 1 1 1 1 1 1 1 1 1 1 1 1 1 1 0 0 1
-5/11 + O(2^22)
 0 1 0 1 1 1 0 1 0 0 0 1 0 1 1 1 0 1 0 0 0 1

a + b
 0 1 0 1 1 1 0 1 0 0 0 1 0 1 1 1 0 0 1 0 1 0
-82/11

a - b
 1 0 1 0 0 0 1 0 1 1 1 0 1 0 0 0 1 0 1 0 0 0
-72/11
|.|_p = 1/8

a^2 - b^2
 1 0 0 1 1 0 0 1 1 1 1 0 1 0 1 0 1 1 1 0 0 1 v4
 5904/121

(a+b)/(a-b)
 0 1 0 0 0 1 1 1 0 0 0 1 1 1 0 0 1 0 0 0. 0 1
 41/36

(a-b)/(a+b)
 1 0 1 1 0 0 0 1 1 1 1 1 0 0 1 1 1 0 0 0 0 1 v2
 36/41


 81/1 + O(2^23)
 0 0 0 0 0 0 0 0 0 0 0 0 0 0 0 0 1 0 1 0 0 0 1
 17/1 + O(2^23)
 0 0 0 0 0 0 0 0 0 0 0 0 0 0 0 0 0 0 1 0 0 0 1

a + b
 0 0 0 0 0 0 0 0 0 0 0 0 0 0 0 0 1 1 0 0 0 1 0
 98

a - b
 0 0 0 0 0 0 0 0 0 0 0 0 0 0 0 0 1 0 0 0 0 0 0
 64
|.|_p = 1/64

a^2 - b^2
 0 0 0 0 0 0 0 0 0 0 0 0 0 0 0 0 0 1 1 0 0 0 1 v7
 6272

(a+b)/(a-b)
 1 0 0 0 1 0 0 0 0 0 0 0 0 0 0 0 0 1. 1 0 0 0 1
 49/32

(a-b)/(a+b)
 1 0 1 1 0 1 1 0 1 0 1 1 0 0 0 1 1 0 1 0 0 0 1 v5
 32/49


 12/11 + O(2^30)
 1 0 1 1 1 0 1 0 0 0 1 0 1 1 1 0 1 0 0 0 1 0 1 1 1 0 1 0 0 1 v2
 12/13 + O(2^30)
 0 0 1 1 1 0 1 1 0 0 0 1 0 0 1 1 1 0 1 1 0 0 0 1 0 0 1 1 1 1 v2

a + b
 1 1 1 1 0 1 0 1 0 1 0 0 0 0 1 0 0 0 1 1 1 1 0 0 1 1 1 0 0 0 v2
 288/143

a - b
 0 1 1 1 1 1 1 1 0 0 0 1 1 0 1 0 1 1 0 1 1 0 1 0 0 1 1 0 1 0 v2
 24/143
|.|_p = 1/8

a^2 - b^2
 1 1 0 0 1 1 0 1 0 1 1 0 0 1 0 1 1 1 1 1 1 1 0 1 1 1 1 0 1 1 v8
 6912/20449

(a+b)/(a-b)
 0 0 0 0 0 0 0 0 0 0 0 0 0 0 0 0 0 0 0 0 0 0 0 0 0 0 0 0 1 1 v2
 12

(a-b)/(a+b)
 1 0 1 0 1 0 1 0 1 0 1 0 1 0 1 0 1 0 1 0 1 0 1 0 1 0 1 0. 1 1
 1/12


 3/19 + O(2^32)
 0 1 1 1 1 0 0 1 0 1 0 0 0 0 1 1 0 1 0 1 1 1 1 0 0 1 0 1 0 0 0 1
-3/5 + O(2^32)
 1 0 0 1 1 0 0 1 1 0 0 1 1 0 0 1 1 0 0 1 1 0 0 1 1 0 0 1 1 0 0 1

a + b
 0 0 0 1 0 0 1 0 1 1 0 1 1 1 0 0 1 1 1 1 0 1 1 1 1 1 1 0 1 0 1 0
-42/95

a - b
 1 1 0 1 1 1 1 1 1 0 1 0 1 0 0 1 1 1 0 0 0 1 0 0 1 0 1 1 1 0 0 0
 72/95
|.|_p = 1/8

a^2 - b^2
 0 1 0 1 0 0 1 1 1 1 0 0 0 0 0 1 1 0 1 1 0 1 0 1 1 0 0 0 0 0 1 1 v4
-3024/9025

(a+b)/(a-b)
 1 1 0 1 0 1 0 1 0 1 0 1 0 1 0 1 0 1 0 1 0 1 0 1 0 1 0 1 0 0. 1 1
-7/12

(a-b)/(a+b)
 0 1 0 1 1 0 1 1 0 1 1 0 1 1 0 1 1 0 1 1 0 1 1 0 1 1 0 1 1 0 1 1 v2
-12/7


 3/11 + O(2^36)
 1 0 1 0 0 0 1 0 1 1 1 0 1 0 0 0 1 0 1 1 1 0 1 0 0 0 1 0 1 1 1 0 1 0 0 1
 13/5 + O(2^36)
 0 1 1 0 0 1 1 0 0 1 1 0 0 1 1 0 0 1 1 0 0 1 1 0 0 1 1 0 0 1 1 0 1 0 0 1

a + b
 0 0 0 0 1 0 0 1 0 1 0 0 1 1 1 1 0 0 1 0 0 0 0 0 1 0 0 1 0 1 0 1 0 0 1 0
 158/55

a - b
 0 0 1 1 1 1 0 0 1 0 0 0 0 0 1 0 0 1 0 1 0 0 1 1 1 1 0 0 1 0 0 0 0 0 0 0
-128/55
|.|_p = 1/128

a^2 - b^2
 0 0 1 0 1 0 0 0 1 1 0 0 1 0 0 1 1 1 0 0 0 0 0 0 1 1 0 1 1 1 1 0 0 0 0 1 v8
-20224/3025

(a+b)/(a-b)
 1 1 1 0 1 0 1 1 1 1 1 1 1 1 1 1 1 1 1 1 1 1 1 1 1 1 1 1 1 0. 1 1 0 0 0 1
-79/64

(a-b)/(a+b)
 1 0 1 0 1 1 0 1 1 1 1 0 1 1 0 0 1 0 0 0 1 1 1 0 1 0 0 1 0 1 0 1 0 0 0 1 v6
-64/79


rational reconstruction
fails for a^2 - b^2:
 9/1024 + O(2^40)
 0 0 0 0 0 0 0 0 0 0 0 0 0 0 0 0 0 0 0 0 0 0 0 0 0 0 0 0 0 0. 0 0 0 0 0 0 1 0 0 1
 48/35 + O(2^40)
 0 0 0 0 1 1 1 0 1 0 1 0 0 0 0 0 1 1 1 0 1 0 1 0 0 0 0 0 1 1 1 0 1 0 1 0 0 0 0 1 v4

a + b
 0 0 1 1 1 0 1 0 1 0 0 0 0 0 1 1 1 0 1 0 1 0 0 0 0 1 0 0 0 0. 0 0 0 0 0 0 1 0 0 1
 49467/35840

a - b
 1 1 0 0 0 1 0 1 0 1 1 1 1 1 0 0 0 1 0 1 0 1 1 1 1 1 0 0 0 0. 0 0 0 0 0 0 1 0 0 1
-48837/35840
|.|_p = 1024

a^2 - b^2
 1 1 1 0 1 0 1 1 1 1 1 1 0 0 0 0 0 0 0 0. 0 0 0 0 0 0 0 0 0 0 0 0 0 1 0 1 0 0 0 1
 81/1048576

(a+b)/(a-b)
 0 0 1 1 1 1 0 0 1 1 1 0 0 1 1 1 1 1 1 0 1 1 0 0 1 0 0 0 0 0 0 0 0 0 0 0 0 0 0 1
-16489/16279

(a-b)/(a+b)
 0 0 1 1 1 1 1 1 0 1 0 1 1 0 0 0 0 0 0 1 0 0 1 1 1 0 0 0 0 0 0 0 0 0 0 0 0 0 0 1
-16279/16489


lucky with 13:
 9/1024 + O(13^17)
 7 7 2 7 6 6 12 12 2 3 7 0 7 9 10 11 10
 48/35 + O(13^17)
 12 8 2 2 12 8 2 2 12 8 2 2 12 8 2 3 1

a + b
 7 2 4 10 6 2 2 2 1 11 9 3 7 5 0 1 11
 49467/35840

a - b
 7 12 0 4 6 11 10 9 2 8 4 10 8 1 8 8 9
-48837/35840
|.|_p = 1

a^2 - b^2
 10 0 12 6 8 11 5 12 10 1 5 9 2 7 0 0 8
-2415819879/1284505600

(a+b)/(a-b)
 3 0 2 7 11 4 10 10 8 3 10 3 8 6 0 5 7
-16489/16279

(a-b)/(a+b)
 1 9 8 12 12 0 0 12 10 3 8 12 10 10 6 4 2
-16279/16489



 9/5 + O(3^14)
 0 1 2 1 0 1 2 1 0 1 2 1 0 2 v2
 27/7 + O(3^14)
 1 0 2 1 2 0 1 0 2 1 2 0 1 1 v3

a + b
 1 1 1 0 1 0 0 0 2 0 2 2 1 2 v2
 198/35

a - b
 2 2 0 2 0 0 1 1 1 2 1 2 2 2 v2
-72/35
|.|_p = 1/9

a^2 - b^2
 0 1 0 2 2 1 1 1 2 0 1 0 1 1 v4
-14256/1225

(a+b)/(a-b)
 2 0 2 0 2 0 2 0 2 0 2 0 1 1
-11/4

(a-b)/(a+b)
 0 0 2 1 1 0 0 2 1 1 0 0 2 1
-4/11


 25/1 + O(3^20)
 0 0 0 0 0 0 0 0 0 0 0 0 0 0 0 0 0 2 2 1
 13/25 + O(3^20)
 1 1 0 2 2 1 2 2 0 2 1 1 2 0 0 1 0 0 2 1

a + b
 1 1 0 2 2 1 2 2 0 2 1 1 2 0 0 1 1 0 1 2
 638/25

a - b
 1 1 2 0 0 1 0 0 2 0 1 1 0 2 2 2 0 2 0 0
 612/25
|.|_p = 1/9

a^2 - b^2
 2 2 1 1 1 2 1 0 0 0 2 0 1 2 1 2 0 2 0 1 v2
 390456/625

(a+b)/(a-b)
 1 2 2 0 1 2 1 2 0 0 0 2 1 0 1 1 0 0. 2 1
 319/306

(a-b)/(a+b)
 2 2 1 2 0 0 0 1 2 0 2 2 2 2 2 0 2 0 1 1 v2
 306/319


 20412/1 + O(3^37)
 0 0 0 0 0 0 0 0 0 0 0 0 0 0 0 0 0 0 0 0 0 0 0 0 0 0 0 0 0 0 0 0 0 1 0 0 1 v6
 162/35 + O(3^37)
 0 2 2 1 1 1 0 1 0 0 0 2 0 2 2 1 1 1 0 1 0 0 0 2 0 2 2 1 1 1 0 1 0 0 0 2 1 v4

a + b
 0 2 2 1 1 1 0 1 0 0 0 2 0 2 2 1 1 1 0 1 0 0 0 2 0 2 2 1 1 1 0 2 0 0 1 2 1 v4
 714582/35

a - b
 2 0 0 1 1 1 2 1 2 2 2 0 2 0 0 1 1 1 2 1 2 2 2 0 2 0 0 1 1 2 0 0 0 0 0 0 2 v4
 714258/35
|.|_p = 1/81

a^2 - b^2
 1 0 0 1 1 2 2 0 0 1 0 0 0 1 0 1 0 1 0 0 1 1 0 0 2 2 1 0 2 1 1 1 0 1 0 1 2 v8
 510395910156/1225

(a+b)/(a-b)
 1 0 1 1 2 2 0 0 0 2 2 2 1 2 1 2 0 2 0 1 2 2 1 0 1 2 0 2 0 0 0 1 0 0 0 2 2
 4411/4409

(a-b)/(a+b)
 0 2 1 0 1 0 1 1 2 1 1 2 0 1 1 2 2 1 0 0 1 0 1 0 0 0 2 0 1 0 1 1 1 2 1 2 2
 4409/4411


-4/1 + O(5^8)
 4 4 4 4 4 4 4 1
 8/13 + O(5^8)
 1 4 3 0 1 4 3 1

a + b
 1 4 3 0 1 4 2 2
-44/13

a - b
 3 0 1 4 3 0 1 0
-60/13
|.|_p = 1/5

a^2 - b^2
 4 3 4 0 2 0 2 2 v1
 2640/169

(a+b)/(a-b)
 1 3 1 3 1 3 2. 2
 11/15

(a-b)/(a+b)
 0 4 2 3 3 0 4 3 v1
 15/11


 86/25 + O(5^11)
 0 0 0 0 0 0 0 0 3. 2 1
-74/25 + O(5^11)
 4 4 4 4 4 4 4 4 2. 0 1

a + b
 0 0 0 0 0 0 0 0 0. 2 2
 12/25

a - b
 0 0 0 0 0 0 0 1 1. 2 0
 32/5
|.|_p = 5

a^2 - b^2
 0 0 0 0 0 0 0 3. 0 1 4
 384/125

(a+b)/(a-b)
 0 3 0 3 0 3 0 3 0 3. 1
 3/40

(a-b)/(a+b)
 3 1 3 1 3 1 3 1 3 2 1 v1
 40/3


 50/13 + O(5^12)
 4 1 0 3 4 1 0 3 4 1 0 4 v2
 5/7 + O(5^12)
 4 1 2 0 3 2 4 1 2 0 3 3 v1

a + b
 0 2 0 4 4 3 3 0 3 1 2 3 v1
 415/91

a - b
 1 4 1 3 2 2 4 2 4 0 0 2 v1
 285/91
|.|_p = 1/5

a^2 - b^2
 2 0 0 4 0 4 4 2 3 3 0 1 v2
 118275/8281

(a+b)/(a-b)
 4 0 0 4 1 4 3 1 1 0 3 4
 83/57

(a-b)/(a+b)
 0 0 1 2 2 3 1 1 1 3 0 4
 57/83


 16/9 + O(7^7)
 6 1 3 6 1 4 1
 1/2 + O(7^7)
 3 3 3 3 3 3 4

a + b
 2 5 0 2 5 0 5
 41/18

a - b
 2 5 0 2 5 0 4
 23/18
|.|_p = 1

a^2 - b^2
 3 6 0 3 3 2 6
 943/324

(a+b)/(a-b)
 0 2 0 6 2 5 3
 41/23

(a-b)/(a+b)
 5 0 5 6 5 5 5
 23/41


 1/2 + O(7^9)
 3 3 3 3 3 3 3 3 4
 8/25 + O(7^9)
 1 4 5 2 1 4 5 2 2

a + b
 5 1 1 5 5 1 1 5 6
 41/50

a - b
 1 5 5 1 1 5 5 1 2
 9/50
|.|_p = 1

a^2 - b^2
 2 2 2 2 0 0 4 3 5
 369/2500

(a+b)/(a-b)
 3 0 5 3 0 5 3 1 3
 41/9

(a-b)/(a+b)
 5 5 4 3 0 3 4 0 5
 9/41


 3/23 + O(11^12)
 8 1 4 8 6 7 7 1 10 0 5 3
 9/49 + O(11^12)
 10 6 0 7 4 5 4 2 10 1 1 4

a + b
 7 7 5 5 0 2 0 4 9 1 6 7
 354/1127

a - b
 8 6 4 1 2 2 2 9 10 10 3 10
-60/1127
|.|_p = 1

a^2 - b^2
 1 7 7 6 8 5 2 1 1 6 10 4
-21240/1270129

(a+b)/(a-b)
 9 9 9 9 9 9 9 9 9 9 9 4
-59/10

(a-b)/(a+b)
 6 9 9 7 7 0 10 2 8 8 4 3
-10/59


 11/5 + O(13^7)
 5 2 7 10 5 2 10
 18/11 + O(13^7)
 11 10 8 3 7 1 4

a + b
 4 0 3 0 12 4 1
 211/55

a - b
 6 4 12 6 11 1 6
 31/55
|.|_p = 1

a^2 - b^2
 12 11 9 3 10 12 6
 6541/3025

(a+b)/(a-b)
 8 5 0 5 5 11 11
 211/31

(a-b)/(a+b)
 3 8 3 4 3 3 6
 31/211


rational reconstruction
definitely fails for a^2 - b^2
 181625/11 + O(13^17)
 1 2 4 9 5 11 10 8 3 7 1 2 5 3 12 7 12
 10555/2 + O(13^17)
 6 6 6 6 6 6 6 6 6 6 6 6 6 8 11 9 6

a + b
 7 8 11 2 12 5 4 1 10 0 7 8 11 12 11 4 5
 479355/22

a - b
 7 8 11 2 12 5 4 1 10 0 7 8 11 8 0 11 6
 247145/22
|.|_p = 1

a^2 - b^2
 6 0 7 4 4 2 10 8 8 5 0 0 4 7 12 3 4
 1142223983/1168282532

(a+b)/(a-b)
 9 10 11 4 12 12 5 12 9 2 1 1 5 6 10 8 3
 95871/49429

(a-b)/(a+b)
 11 11 6 0 9 5 9 0 2 4 11 11 5 12 10 10 9
 49429/95871


timer: 0.0131568s
