
 1/1 + O(3^4)
 0 0 0 1

 lift 1 mod 81

gamma
 2 2 2 2
-1


 2/1 + O(3^4)
 0 0 0 2

 lift 2 mod 81

gamma
 0 0 0 1
 1


 3/1 + O(3^4)
 0 0 0 1 v1

 lift 3 mod 243

gamma
 2 2 2 1
-2


 4/1 + O(3^4)
 0 0 1 1

 lift 4 mod 81

gamma
 0 0 0 2
 2


 5/1 + O(3^4)
 0 0 1 2

 lift 5 mod 81

gamma
 2 2 0 1
-8


 6/1 + O(3^8)
 0 0 0 0 0 0 0 2 v1

 lift 6 mod 19683

gamma
 0 0 0 0 1 1 1 1
 40


 7/1 + O(3^8)
 0 0 0 0 0 0 2 1

 lift 7 mod 6561

gamma
 2 2 2 2 1 1 1 2
-40


 8/1 + O(3^12)
 0 0 0 0 0 0 0 0 0 0 2 2

 lift 8 mod 531441

gamma
 0 0 0 0 0 0 1 0 1 1 0 1
 280


 1/4 + O(5^9)
 3 3 3 3 3 3 3 3 4

 lift 1464844 mod 1953125

gamma
 0 1 1 0 3 0 0 4 1
 1273/388


 3/4 + O(5^9)
 1 1 1 1 1 1 1 1 2

 lift 488282 mod 1953125

gamma
 3 3 0 3 0 4 0 1 1
 388/1273


 1/3 + O(7^8)
 4 4 4 4 4 4 4 5

 lift 3843201 mod 5764801

gamma
 5 1 2 1 1 5 3 4
 1627/363


-2/3 + O(7^8)
 4 4 4 4 4 4 4 4

 lift 3843200 mod 5764801

gamma
 0 5 3 1 6 1 1 6
 1627/242


 1/3 + O(2^16)
 1 0 1 0 1 0 1 0 1 0 1 0 1 0 1 1

 lift 43691 mod 65536

gamma
 1 1 0 1 1 1 0 1 0 0 0 0 1 1 1 1
-91/11


 2/3 + O(2^16)
 1 0 1 0 1 0 1 0 1 0 1 0 1 0 1 1 v1

 lift 87382 mod 131072

gamma
 0 1 1 1 0 0 0 1 1 1 1 0 1 1 1 1
-11/91


 1/4 + O(2^4)
 0 0. 0 1

gamma: domain error
timer: 0.2631995s
