
 1/1 + O(2^1)

Order 1 Hilbert matrix

t 1
 1/1 + O(2^1)
 1

Det  1
 1

U and V
i 1
 1
 1
V
 1
 1

inverse H
i 1
 1
 1

error check
t 1

 1/1 + O(2^4)

Order 2 Hilbert matrix

t 1
 1/1 + O(2^4)
 0 0 0 1
 1/2 + O(2^4)
 0 0 0. 1
t 2
 1/2 + O(2^4)
 0 0 0. 1
 1/3 + O(2^4)
 1 0 1 1

Det  1 0. 1 1
 1/12

U and V
i 1
 0 0 0. 1
 1/2
 1 0 1 1
 1/3
V
 0 0 0 0
 0/1
 0 0 0 1
 1
i 2
 0 0 0 0
 0/1
 0 1 0. 1
-1/6
V
 0 0 0 1
 1
 1 1 1 0
-2

inverse H
i 1
 0 0 0 1 v2
 4
 1 1 0 1 v1
-6
i 2
 1 1 0 1 v1
-6
 0 0 1 1 v2
 12

error check
t 1
t 2

 1/1 + O(2^15)

Order 3 Hilbert matrix

t 1
 1/1 + O(2^15)
 0 0 0 0 0 0 0 0 0 0 0 0 0 0 1
 1/2 + O(2^15)
 0 0 0 0 0 0 0 0 0 0 0 0 0 0. 1
 1/3 + O(2^15)
 0 1 0 1 0 1 0 1 0 1 0 1 0 1 1
t 2
 1/2 + O(2^15)
 0 0 0 0 0 0 0 0 0 0 0 0 0 0. 1
 1/3 + O(2^15)
 0 1 0 1 0 1 0 1 0 1 0 1 0 1 1
 1/4 + O(2^15)
 0 0 0 0 0 0 0 0 0 0 0 0 0. 0 1
t 3
 1/3 + O(2^15)
 0 1 0 1 0 1 0 1 0 1 0 1 0 1 1
 1/4 + O(2^15)
 0 0 0 0 0 0 0 0 0 0 0 0 0. 0 1
 1/5 + O(2^15)
 1 0 0 1 1 0 0 1 1 0 0 1 1 0 1

Det  1 0 0 0 1 0 1 0 0 1 1. 0 1 1 1
 1/2160

U and V
i 1
 0 0 0 0 0 0 0 0 0 0 0 0 0 0. 1
 1/2
 0 1 0 1 0 1 0 1 0 1 0 1 0 1 1
 1/3
 0 0 0 0 0 0 0 0 0 0 0 0 0. 0 1
 1/4
V
 0 0 0 0 0 0 0 0 0 0 0 0 0 0 0
 0/1
 0 0 0 0 0 0 0 0 0 0 0 0 0 0 1
 1
 0 0 0 0 0 0 0 0 0 0 0 0 0 0 0
 0/1
i 2
 0 0 0 0 0 0 0 0 0 0 0 0 0 0 0
 0/1
 0 0 0 1 1 1 0 0 0 1 1 1 0. 0 1
 1/36
 1 1 0 1 1 1 0 1 1 1 0 1 1 1. 1
 1/30
V
 0 0 0 0 0 0 0 0 0 0 0 0 0 0 0
 0/1
 0 1 0 1 0 1 0 1 0 1 0 1 0 1 0
-2/3
 0 0 0 0 0 0 0 0 0 0 0 0 0 0 1
 1
i 3
 0 0 0 0 0 0 0 0 0 0 0 0 0 0 0
 0/1
 0 0 0 0 0 0 0 0 0 0 0 0 0 0 0
 0/1
 1 1 0 1 1 1 0 1 1 1 0 1 1 1. 1
 1/30
V
 0 0 0 0 0 0 0 0 0 0 0 0 0 0 1
 1
 1 1 1 1 1 1 1 1 1 1 1 1 0 1 0
-6
 0 0 0 0 0 0 0 0 0 0 0 0 1 1 0
 6

inverse H
i 1
 0 0 0 0 0 0 0 0 0 0 0 1 0 0 1
 9
 1 1 1 1 1 1 1 1 1 1 1 0 1 1 1 v2
-36
 0 0 0 0 0 0 0 0 0 0 0 1 1 1 1 v1
 30
i 2
 1 1 1 1 1 1 1 1 1 1 1 0 1 1 1 v2
-36
 1 1 0 0 0 0 0 0 0 0 0 0 0 1 1 v6
 192
 1 1 1 1 1 1 1 1 1 0 1 0 0 1 1 v2
-180
i 3
 0 0 0 0 0 0 0 0 0 0 0 1 1 1 1 v1
 30
 1 1 1 1 1 1 1 1 1 0 1 0 0 1 1 v2
-180
 0 0 0 0 0 0 0 0 0 1 0 1 1 0 1 v2
 180

error check
t 1
t 2
t 3

 1/1 + O(2^30)

Order 4 Hilbert matrix

t 1
 1/1 + O(2^30)
 0 0 0 0 0 0 0 0 0 0 0 0 0 0 0 0 0 0 0 0 0 0 0 0 0 0 0 0 0 1
 1/2 + O(2^30)
 0 0 0 0 0 0 0 0 0 0 0 0 0 0 0 0 0 0 0 0 0 0 0 0 0 0 0 0 0. 1
 1/3 + O(2^30)
 1 0 1 0 1 0 1 0 1 0 1 0 1 0 1 0 1 0 1 0 1 0 1 0 1 0 1 0 1 1
 1/4 + O(2^30)
 0 0 0 0 0 0 0 0 0 0 0 0 0 0 0 0 0 0 0 0 0 0 0 0 0 0 0 0. 0 1
t 2
 1/2 + O(2^30)
 0 0 0 0 0 0 0 0 0 0 0 0 0 0 0 0 0 0 0 0 0 0 0 0 0 0 0 0 0. 1
 1/3 + O(2^30)
 1 0 1 0 1 0 1 0 1 0 1 0 1 0 1 0 1 0 1 0 1 0 1 0 1 0 1 0 1 1
 1/4 + O(2^30)
 0 0 0 0 0 0 0 0 0 0 0 0 0 0 0 0 0 0 0 0 0 0 0 0 0 0 0 0. 0 1
 1/5 + O(2^30)
 0 0 1 1 0 0 1 1 0 0 1 1 0 0 1 1 0 0 1 1 0 0 1 1 0 0 1 1 0 1
t 3
 1/3 + O(2^30)
 1 0 1 0 1 0 1 0 1 0 1 0 1 0 1 0 1 0 1 0 1 0 1 0 1 0 1 0 1 1
 1/4 + O(2^30)
 0 0 0 0 0 0 0 0 0 0 0 0 0 0 0 0 0 0 0 0 0 0 0 0 0 0 0 0. 0 1
 1/5 + O(2^30)
 0 0 1 1 0 0 1 1 0 0 1 1 0 0 1 1 0 0 1 1 0 0 1 1 0 0 1 1 0 1
 1/6 + O(2^30)
 1 0 1 0 1 0 1 0 1 0 1 0 1 0 1 0 1 0 1 0 1 0 1 0 1 0 1 0 1. 1
t 4
 1/4 + O(2^30)
 0 0 0 0 0 0 0 0 0 0 0 0 0 0 0 0 0 0 0 0 0 0 0 0 0 0 0 0. 0 1
 1/5 + O(2^30)
 0 0 1 1 0 0 1 1 0 0 1 1 0 0 1 1 0 0 1 1 0 0 1 1 0 0 1 1 0 1
 1/6 + O(2^30)
 1 0 1 0 1 0 1 0 1 0 1 0 1 0 1 0 1 0 1 0 1 0 1 0 1 0 1 0 1. 1
 1/7 + O(2^30)
 1 1 0 1 1 0 1 1 0 1 1 0 1 1 0 1 1 0 1 1 0 1 1 0 1 1 0 1 1 1

Det  0 0 0 1 0 0 1 1 1 1 0 0 1 0 0 1 0 1 0 1 0 1. 1 1 1 1 1 0 0 1
 1/6048000

U and V
i 1
 0 0 0 0 0 0 0 0 0 0 0 0 0 0 0 0 0 0 0 0 0 0 0 0 0 0 0 0. 0 1
 1/4
 0 0 1 1 0 0 1 1 0 0 1 1 0 0 1 1 0 0 1 1 0 0 1 1 0 0 1 1 0 1
 1/5
 1 0 1 0 1 0 1 0 1 0 1 0 1 0 1 0 1 0 1 0 1 0 1 0 1 0 1 0 1. 1
 1/6
 1 1 0 1 1 0 1 1 0 1 1 0 1 1 0 1 1 0 1 1 0 1 1 0 1 1 0 1 1 1
 1/7
V
 0 0 0 0 0 0 0 0 0 0 0 0 0 0 0 0 0 0 0 0 0 0 0 0 0 0 0 0 0 0
 0/1
 0 0 0 0 0 0 0 0 0 0 0 0 0 0 0 0 0 0 0 0 0 0 0 0 0 0 0 0 0 0
 0/1
 0 0 0 0 0 0 0 0 0 0 0 0 0 0 0 0 0 0 0 0 0 0 0 0 0 0 0 0 0 0
 0/1
 0 0 0 0 0 0 0 0 0 0 0 0 0 0 0 0 0 0 0 0 0 0 0 0 0 0 0 0 0 1
 1
i 2
 0 0 0 0 0 0 0 0 0 0 0 0 0 0 0 0 0 0 0 0 0 0 0 0 0 0 0 0 0 0
 0/1
 0 1 0 0 0 1 0 0 0 1 0 0 0 1 0 0 0 1 0 0 0 1 0 0 0 1 0 0. 0 1
-1/60
 0 1 1 0 1 1 0 0 0 0 0 1 0 1 1 0 1 1 0 0 0 0 0 1 0 1 1 0 1 1
-1/45
 0 0 0 0 1 1 0 0 0 0 1 1 0 0 0 0 1 1 0 0 0 0 1 1 0 0 0 0 1. 1
-1/42
V
 0 0 0 0 0 0 0 0 0 0 0 0 0 0 0 0 0 0 0 0 0 0 0 0 0 0 0 0 0 0
 0/1
 0 0 0 0 0 0 0 0 0 0 0 0 0 0 0 0 0 0 0 0 0 0 0 0 0 0 0 0 0 0
 0/1
 0 0 0 0 0 0 0 0 0 0 0 0 0 0 0 0 0 0 0 0 0 0 0 0 0 0 0 0 0 1
 1
 0 1 0 1 0 1 0 1 0 1 0 1 0 1 0 1 0 1 0 1 0 1 0 1 0 1 0 1 0 0
-4/3
i 3
 0 0 0 0 0 0 0 0 0 0 0 0 0 0 0 0 0 0 0 0 0 0 0 0 0 0 0 0 0 0
 0/1
 0 0 0 0 0 0 0 0 0 0 0 0 0 0 0 0 0 0 0 0 0 0 0 0 0 0 0 0 0 0
 0/1
 1 0 0 1 0 0 1 1 1 1 1 0 1 0 0 1 0 0 1 1 1 1 1 0 1 0 0 1. 0 1
 1/180
 0 1 1 0 0 0 1 1 1 1 1 1 0 1 1 0 0 0 1 1 1 1 1 1 0 1 1 0 0 1
 1/105
V
 0 0 0 0 0 0 0 0 0 0 0 0 0 0 0 0 0 0 0 0 0 0 0 0 0 0 0 0 0 0
 0/1
 0 0 0 0 0 0 0 0 0 0 0 0 0 0 0 0 0 0 0 0 0 0 0 0 0 0 0 0 0 1
 1
 1 1 1 1 1 1 1 1 1 1 1 1 1 1 1 1 1 1 1 1 1 1 1 1 1 1 1 1 0 0
-4
 1 0 1 0 1 0 1 0 1 0 1 0 1 0 1 0 1 0 1 0 1 0 1 0 1 0 1 1 1 0
 10/3
i 4
 0 0 0 0 0 0 0 0 0 0 0 0 0 0 0 0 0 0 0 0 0 0 0 0 0 0 0 0 0 0
 0/1
 0 0 0 0 0 0 0 0 0 0 0 0 0 0 0 0 0 0 0 0 0 0 0 0 0 0 0 0 0 0
 0/1
 0 0 0 0 0 0 0 0 0 0 0 0 0 0 0 0 0 0 0 0 0 0 0 0 0 0 0 0 0 0
 0/1
 1 1 0 1 0 1 0 0 0 0 0 1 1 1 0 1 0 1 0 0 0 0 0 1 1 1 0 1. 0 1
-1/140
V
 0 0 0 0 0 0 0 0 0 0 0 0 0 0 0 0 0 0 0 0 0 0 0 0 0 0 0 0 0 1
 1
 1 1 1 1 1 1 1 1 1 1 1 1 1 1 1 1 1 1 1 1 1 1 1 1 1 1 0 1 0 0
-12
 0 0 0 0 0 0 0 0 0 0 0 0 0 0 0 0 0 0 0 0 0 0 0 0 0 1 1 1 1 0
 30
 1 1 1 1 1 1 1 1 1 1 1 1 1 1 1 1 1 1 1 1 1 1 1 1 1 0 1 1 0 0
-20

inverse H
i 1
 0 0 0 0 0 0 0 0 0 0 0 0 0 0 0 0 0 0 0 0 0 0 0 0 0 0 0 0 0 1 v4
 16
 1 1 1 1 1 1 1 1 1 1 1 1 1 1 1 1 1 1 1 1 1 1 1 1 1 1 0 0 0 1 v3
-120
 0 0 0 0 0 0 0 0 0 0 0 0 0 0 0 0 0 0 0 0 0 0 0 0 0 0 1 1 1 1 v4
 240
 1 1 1 1 1 1 1 1 1 1 1 1 1 1 1 1 1 1 1 1 1 1 1 1 0 1 1 1 0 1 v2
-140
i 2
 1 1 1 1 1 1 1 1 1 1 1 1 1 1 1 1 1 1 1 1 1 1 1 1 1 1 0 0 0 1 v3
-120
 0 0 0 0 0 0 0 0 0 0 0 0 0 0 0 0 0 0 0 0 0 0 0 1 0 0 1 0 1 1 v4
 1200
 1 1 1 1 1 1 1 1 1 1 1 1 1 1 1 1 1 1 1 1 0 1 0 1 0 1 1 1 0 1 v2
-2700
 0 0 0 0 0 0 0 0 0 0 0 0 0 0 0 0 0 0 0 0 0 0 0 1 1 0 1 0 0 1 v4
 1680
i 3
 0 0 0 0 0 0 0 0 0 0 0 0 0 0 0 0 0 0 0 0 0 0 0 0 0 0 1 1 1 1 v4
 240
 1 1 1 1 1 1 1 1 1 1 1 1 1 1 1 1 1 1 1 1 0 1 0 1 0 1 1 1 0 1 v2
-2700
 0 0 0 0 0 0 0 0 0 0 0 0 0 0 0 0 0 0 0 0 0 1 1 0 0 1 0 1 0 1 v4
 6480
 1 1 1 1 1 1 1 1 1 1 1 1 1 1 1 1 1 1 1 1 0 1 1 1 1 1 0 0 1 1 v3
-4200
i 4
 1 1 1 1 1 1 1 1 1 1 1 1 1 1 1 1 1 1 1 1 1 1 1 1 0 1 1 1 0 1 v2
-140
 0 0 0 0 0 0 0 0 0 0 0 0 0 0 0 0 0 0 0 0 0 0 0 1 1 0 1 0 0 1 v4
 1680
 1 1 1 1 1 1 1 1 1 1 1 1 1 1 1 1 1 1 1 1 0 1 1 1 1 1 0 0 1 1 v3
-4200
 0 0 0 0 0 0 0 0 0 0 0 0 0 0 0 0 0 0 0 0 0 0 1 0 1 0 1 1 1 1 v4
 2800

error check
t 1
t 2
t 3
t 4

 1/1 + O(2^57)

Order 5 Hilbert matrix

t 1
 1/1 + O(2^57)
 0 0 0 0 0 0 0 0 0 0 0 0 0 0 0 0 0 0 0 0 0 0 0 0 0 0 0 0 0 0 0 0 0 0 0 0 0 0 0 0 0 0 0 0 0 0 0 0 0 0 0 0 0 0 0 0 1
 1/2 + O(2^57)
 0 0 0 0 0 0 0 0 0 0 0 0 0 0 0 0 0 0 0 0 0 0 0 0 0 0 0 0 0 0 0 0 0 0 0 0 0 0 0 0 0 0 0 0 0 0 0 0 0 0 0 0 0 0 0 0. 1
 1/3 + O(2^57)
 0 1 0 1 0 1 0 1 0 1 0 1 0 1 0 1 0 1 0 1 0 1 0 1 0 1 0 1 0 1 0 1 0 1 0 1 0 1 0 1 0 1 0 1 0 1 0 1 0 1 0 1 0 1 0 1 1
 1/4 + O(2^57)
 0 0 0 0 0 0 0 0 0 0 0 0 0 0 0 0 0 0 0 0 0 0 0 0 0 0 0 0 0 0 0 0 0 0 0 0 0 0 0 0 0 0 0 0 0 0 0 0 0 0 0 0 0 0 0. 0 1
 1/5 + O(2^57)
 0 1 1 0 0 1 1 0 0 1 1 0 0 1 1 0 0 1 1 0 0 1 1 0 0 1 1 0 0 1 1 0 0 1 1 0 0 1 1 0 0 1 1 0 0 1 1 0 0 1 1 0 0 1 1 0 1
t 2
 1/2 + O(2^57)
 0 0 0 0 0 0 0 0 0 0 0 0 0 0 0 0 0 0 0 0 0 0 0 0 0 0 0 0 0 0 0 0 0 0 0 0 0 0 0 0 0 0 0 0 0 0 0 0 0 0 0 0 0 0 0 0. 1
 1/3 + O(2^57)
 0 1 0 1 0 1 0 1 0 1 0 1 0 1 0 1 0 1 0 1 0 1 0 1 0 1 0 1 0 1 0 1 0 1 0 1 0 1 0 1 0 1 0 1 0 1 0 1 0 1 0 1 0 1 0 1 1
 1/4 + O(2^57)
 0 0 0 0 0 0 0 0 0 0 0 0 0 0 0 0 0 0 0 0 0 0 0 0 0 0 0 0 0 0 0 0 0 0 0 0 0 0 0 0 0 0 0 0 0 0 0 0 0 0 0 0 0 0 0. 0 1
 1/5 + O(2^57)
 0 1 1 0 0 1 1 0 0 1 1 0 0 1 1 0 0 1 1 0 0 1 1 0 0 1 1 0 0 1 1 0 0 1 1 0 0 1 1 0 0 1 1 0 0 1 1 0 0 1 1 0 0 1 1 0 1
 1/6 + O(2^57)
 0 1 0 1 0 1 0 1 0 1 0 1 0 1 0 1 0 1 0 1 0 1 0 1 0 1 0 1 0 1 0 1 0 1 0 1 0 1 0 1 0 1 0 1 0 1 0 1 0 1 0 1 0 1 0 1. 1
t 3
 1/3 + O(2^57)
 0 1 0 1 0 1 0 1 0 1 0 1 0 1 0 1 0 1 0 1 0 1 0 1 0 1 0 1 0 1 0 1 0 1 0 1 0 1 0 1 0 1 0 1 0 1 0 1 0 1 0 1 0 1 0 1 1
 1/4 + O(2^57)
 0 0 0 0 0 0 0 0 0 0 0 0 0 0 0 0 0 0 0 0 0 0 0 0 0 0 0 0 0 0 0 0 0 0 0 0 0 0 0 0 0 0 0 0 0 0 0 0 0 0 0 0 0 0 0. 0 1
 1/5 + O(2^57)
 0 1 1 0 0 1 1 0 0 1 1 0 0 1 1 0 0 1 1 0 0 1 1 0 0 1 1 0 0 1 1 0 0 1 1 0 0 1 1 0 0 1 1 0 0 1 1 0 0 1 1 0 0 1 1 0 1
 1/6 + O(2^57)
 0 1 0 1 0 1 0 1 0 1 0 1 0 1 0 1 0 1 0 1 0 1 0 1 0 1 0 1 0 1 0 1 0 1 0 1 0 1 0 1 0 1 0 1 0 1 0 1 0 1 0 1 0 1 0 1. 1
 1/7 + O(2^57)
 1 1 0 1 1 0 1 1 0 1 1 0 1 1 0 1 1 0 1 1 0 1 1 0 1 1 0 1 1 0 1 1 0 1 1 0 1 1 0 1 1 0 1 1 0 1 1 0 1 1 0 1 1 0 1 1 1
t 4
 1/4 + O(2^57)
 0 0 0 0 0 0 0 0 0 0 0 0 0 0 0 0 0 0 0 0 0 0 0 0 0 0 0 0 0 0 0 0 0 0 0 0 0 0 0 0 0 0 0 0 0 0 0 0 0 0 0 0 0 0 0. 0 1
 1/5 + O(2^57)
 0 1 1 0 0 1 1 0 0 1 1 0 0 1 1 0 0 1 1 0 0 1 1 0 0 1 1 0 0 1 1 0 0 1 1 0 0 1 1 0 0 1 1 0 0 1 1 0 0 1 1 0 0 1 1 0 1
 1/6 + O(2^57)
 0 1 0 1 0 1 0 1 0 1 0 1 0 1 0 1 0 1 0 1 0 1 0 1 0 1 0 1 0 1 0 1 0 1 0 1 0 1 0 1 0 1 0 1 0 1 0 1 0 1 0 1 0 1 0 1. 1
 1/7 + O(2^57)
 1 1 0 1 1 0 1 1 0 1 1 0 1 1 0 1 1 0 1 1 0 1 1 0 1 1 0 1 1 0 1 1 0 1 1 0 1 1 0 1 1 0 1 1 0 1 1 0 1 1 0 1 1 0 1 1 1
 1/8 + O(2^57)
 0 0 0 0 0 0 0 0 0 0 0 0 0 0 0 0 0 0 0 0 0 0 0 0 0 0 0 0 0 0 0 0 0 0 0 0 0 0 0 0 0 0 0 0 0 0 0 0 0 0 0 0 0 0. 0 0 1
t 5
 1/5 + O(2^57)
 0 1 1 0 0 1 1 0 0 1 1 0 0 1 1 0 0 1 1 0 0 1 1 0 0 1 1 0 0 1 1 0 0 1 1 0 0 1 1 0 0 1 1 0 0 1 1 0 0 1 1 0 0 1 1 0 1
 1/6 + O(2^57)
 0 1 0 1 0 1 0 1 0 1 0 1 0 1 0 1 0 1 0 1 0 1 0 1 0 1 0 1 0 1 0 1 0 1 0 1 0 1 0 1 0 1 0 1 0 1 0 1 0 1 0 1 0 1 0 1. 1
 1/7 + O(2^57)
 1 1 0 1 1 0 1 1 0 1 1 0 1 1 0 1 1 0 1 1 0 1 1 0 1 1 0 1 1 0 1 1 0 1 1 0 1 1 0 1 1 0 1 1 0 1 1 0 1 1 0 1 1 0 1 1 1
 1/8 + O(2^57)
 0 0 0 0 0 0 0 0 0 0 0 0 0 0 0 0 0 0 0 0 0 0 0 0 0 0 0 0 0 0 0 0 0 0 0 0 0 0 0 0 0 0 0 0 0 0 0 0 0 0 0 0 0 0. 0 0 1
 1/9 + O(2^57)
 0 0 0 1 1 1 0 0 0 1 1 1 0 0 0 1 1 1 0 0 0 1 1 1 0 0 0 1 1 1 0 0 0 1 1 1 0 0 0 1 1 1 0 0 0 1 1 1 0 0 0 1 1 1 0 0 1

Det  0 1 1 1 1 0 0 1 1 0 0 1 0 1 0 0 0 0 0 0 0 0 0 0 0 0 0 1 1 1 0 0 0 0 1 0 1 1 1 0 1 1 1 1 0 1 1. 0 0 0 1 1 0 1 0 0 1
 1/266716800000

U and V
i 1
 0 0 0 0 0 0 0 0 0 0 0 0 0 0 0 0 0 0 0 0 0 0 0 0 0 0 0 0 0 0 0 0 0 0 0 0 0 0 0 0 0 0 0 0 0 0 0 0 0 0 0 0 0 0 0. 0 1
 1/4
 0 1 1 0 0 1 1 0 0 1 1 0 0 1 1 0 0 1 1 0 0 1 1 0 0 1 1 0 0 1 1 0 0 1 1 0 0 1 1 0 0 1 1 0 0 1 1 0 0 1 1 0 0 1 1 0 1
 1/5
 0 1 0 1 0 1 0 1 0 1 0 1 0 1 0 1 0 1 0 1 0 1 0 1 0 1 0 1 0 1 0 1 0 1 0 1 0 1 0 1 0 1 0 1 0 1 0 1 0 1 0 1 0 1 0 1. 1
 1/6
 1 1 0 1 1 0 1 1 0 1 1 0 1 1 0 1 1 0 1 1 0 1 1 0 1 1 0 1 1 0 1 1 0 1 1 0 1 1 0 1 1 0 1 1 0 1 1 0 1 1 0 1 1 0 1 1 1
 1/7
 0 0 0 0 0 0 0 0 0 0 0 0 0 0 0 0 0 0 0 0 0 0 0 0 0 0 0 0 0 0 0 0 0 0 0 0 0 0 0 0 0 0 0 0 0 0 0 0 0 0 0 0 0 0. 0 0 1
 1/8
V
 0 0 0 0 0 0 0 0 0 0 0 0 0 0 0 0 0 0 0 0 0 0 0 0 0 0 0 0 0 0 0 0 0 0 0 0 0 0 0 0 0 0 0 0 0 0 0 0 0 0 0 0 0 0 0 0 0
 0/1
 0 0 0 0 0 0 0 0 0 0 0 0 0 0 0 0 0 0 0 0 0 0 0 0 0 0 0 0 0 0 0 0 0 0 0 0 0 0 0 0 0 0 0 0 0 0 0 0 0 0 0 0 0 0 0 0 0
 0/1
 0 0 0 0 0 0 0 0 0 0 0 0 0 0 0 0 0 0 0 0 0 0 0 0 0 0 0 0 0 0 0 0 0 0 0 0 0 0 0 0 0 0 0 0 0 0 0 0 0 0 0 0 0 0 0 0 0
 0/1
 0 0 0 0 0 0 0 0 0 0 0 0 0 0 0 0 0 0 0 0 0 0 0 0 0 0 0 0 0 0 0 0 0 0 0 0 0 0 0 0 0 0 0 0 0 0 0 0 0 0 0 0 0 0 0 0 1
 1
 0 0 0 0 0 0 0 0 0 0 0 0 0 0 0 0 0 0 0 0 0 0 0 0 0 0 0 0 0 0 0 0 0 0 0 0 0 0 0 0 0 0 0 0 0 0 0 0 0 0 0 0 0 0 0 0 0
 0/1
i 2
 0 0 0 0 0 0 0 0 0 0 0 0 0 0 0 0 0 0 0 0 0 0 0 0 0 0 0 0 0 0 0 0 0 0 0 0 0 0 0 0 0 0 0 0 0 0 0 0 0 0 0 0 0 0 0 0 0
 0/1
 1 0 0 0 1 0 0 0 1 0 0 0 1 0 0 0 1 0 0 0 1 0 0 0 1 0 0 0 1 0 0 0 1 0 0 0 1 0 0 0 1 0 0 0 1 0 0 0 1 0 0 0 1 0 0. 0 1
-1/60
 0 0 1 0 1 1 0 1 1 0 0 0 0 0 1 0 1 1 0 1 1 0 0 0 0 0 1 0 1 1 0 1 1 0 0 0 0 0 1 0 1 1 0 1 1 0 0 0 0 0 1 0 1 1 0 1 1
-1/45
 0 1 1 0 0 0 0 1 1 0 0 0 0 1 1 0 0 0 0 1 1 0 0 0 0 1 1 0 0 0 0 1 1 0 0 0 0 1 1 0 0 0 0 1 1 0 0 0 0 1 1 0 0 0 0 1. 1
-1/42
 0 1 1 0 0 0 0 1 1 0 0 0 0 1 1 0 0 0 0 1 1 0 0 0 0 1 1 0 0 0 0 1 1 0 0 0 0 1 1 0 0 0 0 1 1 0 0 0 0 1 1 0 0 0 0 1. 1
-1/42
V
 0 0 0 0 0 0 0 0 0 0 0 0 0 0 0 0 0 0 0 0 0 0 0 0 0 0 0 0 0 0 0 0 0 0 0 0 0 0 0 0 0 0 0 0 0 0 0 0 0 0 0 0 0 0 0 0 0
 0/1
 0 0 0 0 0 0 0 0 0 0 0 0 0 0 0 0 0 0 0 0 0 0 0 0 0 0 0 0 0 0 0 0 0 0 0 0 0 0 0 0 0 0 0 0 0 0 0 0 0 0 0 0 0 0 0 0 0
 0/1
 0 0 0 0 0 0 0 0 0 0 0 0 0 0 0 0 0 0 0 0 0 0 0 0 0 0 0 0 0 0 0 0 0 0 0 0 0 0 0 0 0 0 0 0 0 0 0 0 0 0 0 0 0 0 0 0 1
 1
 1 0 1 0 1 0 1 0 1 0 1 0 1 0 1 0 1 0 1 0 1 0 1 0 1 0 1 0 1 0 1 0 1 0 1 0 1 0 1 0 1 0 1 0 1 0 1 0 1 0 1 0 1 0 1 0 0
-4/3
 0 0 0 0 0 0 0 0 0 0 0 0 0 0 0 0 0 0 0 0 0 0 0 0 0 0 0 0 0 0 0 0 0 0 0 0 0 0 0 0 0 0 0 0 0 0 0 0 0 0 0 0 0 0 0 0 0
 0/1
i 3
 0 0 0 0 0 0 0 0 0 0 0 0 0 0 0 0 0 0 0 0 0 0 0 0 0 0 0 0 0 0 0 0 0 0 0 0 0 0 0 0 0 0 0 0 0 0 0 0 0 0 0 0 0 0 0 0 0
 0/1
 0 0 0 0 0 0 0 0 0 0 0 0 0 0 0 0 0 0 0 0 0 0 0 0 0 0 0 0 0 0 0 0 0 0 0 0 0 0 0 0 0 0 0 0 0 0 0 0 0 0 0 0 0 0 0 0 0
 0/1
 1 1 0 1 0 0 1 0 0 1 1 1 1 1 0 1 0 0 1 0 0 1 1 1 1 1 0 1 0 0 1 0 0 1 1 1 1 1 0 1 0 0 1 0 0 1 1 1 1 1 0 1 0 0 1. 0 1
 1/180
 1 1 1 0 1 1 0 0 0 1 1 1 1 1 1 0 1 1 0 0 0 1 1 1 1 1 1 0 1 1 0 0 0 1 1 1 1 1 1 0 1 1 0 0 0 1 1 1 1 1 1 0 1 1 0 0 1
 1/105
 1 0 0 1 1 1 1 0 0 1 1 1 1 0 0 1 1 1 1 0 0 1 1 1 1 0 0 1 1 1 1 0 0 1 1 1 1 0 0 1 1 1 1 0 0 1 1 1 1 0 0 1 1 1 1. 0 1
 1/84
V
 0 0 0 0 0 0 0 0 0 0 0 0 0 0 0 0 0 0 0 0 0 0 0 0 0 0 0 0 0 0 0 0 0 0 0 0 0 0 0 0 0 0 0 0 0 0 0 0 0 0 0 0 0 0 0 0 0
 0/1
 0 0 0 0 0 0 0 0 0 0 0 0 0 0 0 0 0 0 0 0 0 0 0 0 0 0 0 0 0 0 0 0 0 0 0 0 0 0 0 0 0 0 0 0 0 0 0 0 0 0 0 0 0 0 0 0 1
 1
 1 1 1 1 1 1 1 1 1 1 1 1 1 1 1 1 1 1 1 1 1 1 1 1 1 1 1 1 1 1 1 1 1 1 1 1 1 1 1 1 1 1 1 1 1 1 1 1 1 1 1 1 1 1 1 0 0
-4
 0 1 0 1 0 1 0 1 0 1 0 1 0 1 0 1 0 1 0 1 0 1 0 1 0 1 0 1 0 1 0 1 0 1 0 1 0 1 0 1 0 1 0 1 0 1 0 1 0 1 0 1 0 1 1 1 0
 10/3
 0 0 0 0 0 0 0 0 0 0 0 0 0 0 0 0 0 0 0 0 0 0 0 0 0 0 0 0 0 0 0 0 0 0 0 0 0 0 0 0 0 0 0 0 0 0 0 0 0 0 0 0 0 0 0 0 0
 0/1
i 4
 0 0 0 0 0 0 0 0 0 0 0 0 0 0 0 0 0 0 0 0 0 0 0 0 0 0 0 0 0 0 0 0 0 0 0 0 0 0 0 0 0 0 0 0 0 0 0 0 0 0 0 0 0 0 0 0 0
 0/1
 0 0 0 0 0 0 0 0 0 0 0 0 0 0 0 0 0 0 0 0 0 0 0 0 0 0 0 0 0 0 0 0 0 0 0 0 0 0 0 0 0 0 0 0 0 0 0 0 0 0 0 0 0 0 0 0 0
 0/1
 0 0 0 0 0 0 0 0 0 0 0 0 0 0 0 0 0 0 0 0 0 0 0 0 0 0 0 0 0 0 0 0 0 0 0 0 0 0 0 0 0 0 0 0 0 0 0 0 0 0 0 0 0 0 0 0 0
 0/1
 1 0 1 1 0 1 0 1 0 0 1 0 1 1 1 1 0 1 1 1 0 0 0 0 0 0 1 1 1 0 0 0 1 1 0 1 0 1 1 1 1 0 1 0 1 0 1 0 1 0 1 1 1 1. 0 0 1
 1/9800
 0 1 0 0 1 0 0 0 0 0 1 1 0 1 1 0 1 1 0 0 1 1 0 0 1 0 0 1 0 0 0 1 0 1 0 1 1 0 1 1 0 1 0 1 1 1 1 0 1 1 0 1 1 0 1 0. 1
 1/4410
V
 0 0 0 0 0 0 0 0 0 0 0 0 0 0 0 0 0 0 0 0 0 0 0 0 0 0 0 0 0 0 0 0 0 0 0 0 0 0 0 0 0 0 0 0 0 0 0 0 0 0 0 0 0 0 0 0 0
 0/1
 1 1 1 0 1 0 1 0 0 0 0 0 1 1 1 0 1 0 1 0 0 0 0 0 1 1 1 0 1 0 1 0 0 0 0 0 1 1 1 0 1 0 1 0 0 0 0 0 1 1 1 0 1 0 1 0 0
-4/35
 0 0 1 0 0 1 0 0 1 0 0 1 0 0 1 0 0 1 0 0 1 0 0 1 0 0 1 0 0 1 0 0 1 0 0 1 0 0 1 0 0 1 0 0 1 0 0 1 0 0 1 0 0 1 0 1 0
 6/7
 1 0 1 1 0 1 1 0 1 1 0 1 1 0 1 1 0 1 1 0 1 1 0 1 1 0 1 1 0 1 1 0 1 1 0 1 1 0 1 1 0 1 1 0 1 1 0 1 1 0 1 1 0 1 1 0 0
-12/7
 0 0 0 0 0 0 0 0 0 0 0 0 0 0 0 0 0 0 0 0 0 0 0 0 0 0 0 0 0 0 0 0 0 0 0 0 0 0 0 0 0 0 0 0 0 0 0 0 0 0 0 0 0 0 0 0 1
 1
i 5
 0 0 0 0 0 0 0 0 0 0 0 0 0 0 0 0 0 0 0 0 0 0 0 0 0 0 0 0 0 0 0 0 0 0 0 0 0 0 0 0 0 0 0 0 0 0 0 0 0 0 0 0 0 0 0 0 0
 0/1
 0 0 0 0 0 0 0 0 0 0 0 0 0 0 0 0 0 0 0 0 0 0 0 0 0 0 0 0 0 0 0 0 0 0 0 0 0 0 0 0 0 0 0 0 0 0 0 0 0 0 0 0 0 0 0 0 0
 0/1
 0 0 0 0 0 0 0 0 0 0 0 0 0 0 0 0 0 0 0 0 0 0 0 0 0 0 0 0 0 0 0 0 0 0 0 0 0 0 0 0 0 0 0 0 0 0 0 0 0 0 0 0 0 0 0 0 0
 0/1
 0 0 0 0 0 0 0 0 0 0 0 0 0 0 0 0 0 0 0 0 0 0 0 0 0 0 0 0 0 0 0 0 0 0 0 0 0 0 0 0 0 0 0 0 0 0 0 0 0 0 0 0 0 0 0 0 0
 0/1
 1 1 1 1 1 0 0 1 0 1 1 1 1 1 1 1 1 0 0 1 0 1 1 1 1 1 1 1 1 0 0 1 0 1 1 1 1 1 1 1 1 0 0 1 0 1 1 1 1 1 1 1 1 0 0 1. 1
 1/630
V
 0 0 0 0 0 0 0 0 0 0 0 0 0 0 0 0 0 0 0 0 0 0 0 0 0 0 0 0 0 0 0 0 0 0 0 0 0 0 0 0 0 0 0 0 0 0 0 0 0 0 0 0 0 0 0 0 1
 1
 1 1 1 1 1 1 1 1 1 1 1 1 1 1 1 1 1 1 1 1 1 1 1 1 1 1 1 1 1 1 1 1 1 1 1 1 1 1 1 1 1 1 1 1 1 1 1 1 1 1 1 1 0 1 1 0 0
-20
 0 0 0 0 0 0 0 0 0 0 0 0 0 0 0 0 0 0 0 0 0 0 0 0 0 0 0 0 0 0 0 0 0 0 0 0 0 0 0 0 0 0 0 0 0 0 0 0 0 0 1 0 1 1 0 1 0
 90
 1 1 1 1 1 1 1 1 1 1 1 1 1 1 1 1 1 1 1 1 1 1 1 1 1 1 1 1 1 1 1 1 1 1 1 1 1 1 1 1 1 1 1 1 1 1 1 1 1 0 1 1 1 0 1 0 0
-140
 0 0 0 0 0 0 0 0 0 0 0 0 0 0 0 0 0 0 0 0 0 0 0 0 0 0 0 0 0 0 0 0 0 0 0 0 0 0 0 0 0 0 0 0 0 0 0 0 0 0 1 0 0 0 1 1 0
 70

inverse H
i 1
 0 0 0 0 0 0 0 0 0 0 0 0 0 0 0 0 0 0 0 0 0 0 0 0 0 0 0 0 0 0 0 0 0 0 0 0 0 0 0 0 0 0 0 0 0 0 0 0 0 0 0 0 1 1 0 0 1
 25
 1 1 1 1 1 1 1 1 1 1 1 1 1 1 1 1 1 1 1 1 1 1 1 1 1 1 1 1 1 1 1 1 1 1 1 1 1 1 1 1 1 1 1 1 1 1 1 1 1 1 0 1 1 0 1 0 1 v2
-300
 0 0 0 0 0 0 0 0 0 0 0 0 0 0 0 0 0 0 0 0 0 0 0 0 0 0 0 0 0 0 0 0 0 0 0 0 0 0 0 0 0 0 0 0 0 0 0 1 0 0 0 0 0 1 1 0 1 v1
 1050
 1 1 1 1 1 1 1 1 1 1 1 1 1 1 1 1 1 1 1 1 1 1 1 1 1 1 1 1 1 1 1 1 1 1 1 1 1 1 1 1 1 1 1 1 1 1 1 1 1 0 1 0 1 0 0 0 1 v3
-1400
 0 0 0 0 0 0 0 0 0 0 0 0 0 0 0 0 0 0 0 0 0 0 0 0 0 0 0 0 0 0 0 0 0 0 0 0 0 0 0 0 0 0 0 0 0 0 0 0 1 0 0 1 1 1 0 1 1 v1
 630
i 2
 1 1 1 1 1 1 1 1 1 1 1 1 1 1 1 1 1 1 1 1 1 1 1 1 1 1 1 1 1 1 1 1 1 1 1 1 1 1 1 1 1 1 1 1 1 1 1 1 1 1 0 1 1 0 1 0 1 v2
-300
 1 0 0 0 0 0 0 0 0 0 0 0 0 0 0 0 0 0 0 0 0 0 0 0 0 0 0 0 0 0 0 0 0 0 0 0 0 0 0 0 0 0 0 0 0 0 0 0 0 0 1 0 0 1 0 1 1 v6
 4800
 1 1 1 1 1 1 1 1 1 1 1 1 1 1 1 1 1 1 1 1 1 1 1 1 1 1 1 1 1 1 1 1 1 1 1 1 1 1 1 1 1 1 1 1 0 1 1 0 1 1 0 0 0 1 0 1 1 v2
-18900
 0 0 1 0 0 0 0 0 0 0 0 0 0 0 0 0 0 0 0 0 0 0 0 0 0 0 0 0 0 0 0 0 0 0 0 0 0 0 0 0 0 0 0 0 0 0 0 0 0 0 1 1 0 1 0 0 1 v8
 26880
 1 1 1 1 1 1 1 1 1 1 1 1 1 1 1 1 1 1 1 1 1 1 1 1 1 1 1 1 1 1 1 1 1 1 1 1 1 1 1 1 1 1 1 1 1 1 0 0 1 1 1 0 1 1 0 0 1 v3
-12600
i 3
 0 0 0 0 0 0 0 0 0 0 0 0 0 0 0 0 0 0 0 0 0 0 0 0 0 0 0 0 0 0 0 0 0 0 0 0 0 0 0 0 0 0 0 0 0 0 0 1 0 0 0 0 0 1 1 0 1 v1
 1050
 1 1 1 1 1 1 1 1 1 1 1 1 1 1 1 1 1 1 1 1 1 1 1 1 1 1 1 1 1 1 1 1 1 1 1 1 1 1 1 1 1 1 1 1 0 1 1 0 1 1 0 0 0 1 0 1 1 v2
-18900
 0 0 0 0 0 0 0 0 0 0 0 0 0 0 0 0 0 0 0 0 0 0 0 0 0 0 0 0 0 0 0 0 0 0 0 0 0 0 0 0 0 0 1 0 0 1 1 0 1 1 0 0 0 0 1 0 1 v2
 79380
 1 1 1 1 1 1 1 1 1 1 1 1 1 1 1 1 1 1 1 1 1 1 1 1 1 1 1 1 1 1 1 1 1 1 1 1 1 1 1 1 1 1 1 1 1 0 0 0 1 1 0 1 0 0 1 0 1 v5
-117600
 0 0 0 0 0 0 0 0 0 0 0 0 0 0 0 0 0 0 0 0 0 0 0 0 0 0 0 0 0 0 0 0 0 0 0 0 0 0 0 0 0 0 0 1 1 0 1 1 1 0 1 0 1 1 1 1 1 v2
 56700
i 4
 1 1 1 1 1 1 1 1 1 1 1 1 1 1 1 1 1 1 1 1 1 1 1 1 1 1 1 1 1 1 1 1 1 1 1 1 1 1 1 1 1 1 1 1 1 1 1 1 1 0 1 0 1 0 0 0 1 v3
-1400
 1 1 0 0 0 0 0 0 0 0 0 0 0 0 0 0 0 0 0 0 0 0 0 0 0 0 0 0 0 0 0 0 0 0 0 0 0 0 0 0 0 0 0 0 0 0 0 0 0 0 1 1 0 1 0 0 1 v8
 26880
 1 1 1 1 1 1 1 1 1 1 1 1 1 1 1 1 1 1 1 1 1 1 1 1 1 1 1 1 1 1 1 1 1 1 1 1 1 1 1 1 1 1 1 1 1 0 0 0 1 1 0 1 0 0 1 0 1 v5
-117600
 1 0 1 1 0 0 0 0 0 0 0 0 0 0 0 0 0 0 0 0 0 0 0 0 0 0 0 0 0 0 0 0 0 0 0 0 0 0 0 0 0 0 0 0 0 0 0 0 0 1 0 1 0 1 1 1 1 v10
 179200
 1 1 1 1 1 1 1 1 1 1 1 1 1 1 1 1 1 1 1 1 1 1 1 1 1 1 1 1 1 1 1 1 1 1 1 1 1 1 1 1 1 1 1 0 1 0 1 0 0 1 1 1 0 1 1 1 1 v3
-88200
i 5
 0 0 0 0 0 0 0 0 0 0 0 0 0 0 0 0 0 0 0 0 0 0 0 0 0 0 0 0 0 0 0 0 0 0 0 0 0 0 0 0 0 0 0 0 0 0 0 0 1 0 0 1 1 1 0 1 1 v1
 630
 1 1 1 1 1 1 1 1 1 1 1 1 1 1 1 1 1 1 1 1 1 1 1 1 1 1 1 1 1 1 1 1 1 1 1 1 1 1 1 1 1 1 1 1 1 1 0 0 1 1 1 0 1 1 0 0 1 v3
-12600
 0 0 0 0 0 0 0 0 0 0 0 0 0 0 0 0 0 0 0 0 0 0 0 0 0 0 0 0 0 0 0 0 0 0 0 0 0 0 0 0 0 0 0 1 1 0 1 1 1 0 1 0 1 1 1 1 1 v2
 56700
 1 1 1 1 1 1 1 1 1 1 1 1 1 1 1 1 1 1 1 1 1 1 1 1 1 1 1 1 1 1 1 1 1 1 1 1 1 1 1 1 1 1 1 0 1 0 1 0 0 1 1 1 0 1 1 1 1 v3
-88200
 0 0 0 0 0 0 0 0 0 0 0 0 0 0 0 0 0 0 0 0 0 0 0 0 0 0 0 0 0 0 0 0 0 0 0 0 0 0 0 0 0 0 0 1 0 1 0 1 1 0 0 0 1 0 0 0 1 v2
 44100

error check
t 1
t 2
t 3
t 4
t 5

rational approximation fails for Det order > 5

(1/186313420339200000 ... ref. OEIS A005249)

 1/1 + O(7^22)

Order 6 Hilbert matrix

t 1
 1/1 + O(7^22)
 0 0 0 0 0 0 0 0 0 0 0 0 0 0 0 0 0 0 0 0 0 1
 1/2 + O(7^22)
 3 3 3 3 3 3 3 3 3 3 3 3 3 3 3 3 3 3 3 3 3 4
 1/3 + O(7^22)
 4 4 4 4 4 4 4 4 4 4 4 4 4 4 4 4 4 4 4 4 4 5
 1/4 + O(7^22)
 5 1 5 1 5 1 5 1 5 1 5 1 5 1 5 1 5 1 5 1 5 2
 1/5 + O(7^22)
 1 2 5 4 1 2 5 4 1 2 5 4 1 2 5 4 1 2 5 4 1 3
 1/6 + O(7^22)
 5 5 5 5 5 5 5 5 5 5 5 5 5 5 5 5 5 5 5 5 5 6
t 2
 1/2 + O(7^22)
 3 3 3 3 3 3 3 3 3 3 3 3 3 3 3 3 3 3 3 3 3 4
 1/3 + O(7^22)
 4 4 4 4 4 4 4 4 4 4 4 4 4 4 4 4 4 4 4 4 4 5
 1/4 + O(7^22)
 5 1 5 1 5 1 5 1 5 1 5 1 5 1 5 1 5 1 5 1 5 2
 1/5 + O(7^22)
 1 2 5 4 1 2 5 4 1 2 5 4 1 2 5 4 1 2 5 4 1 3
 1/6 + O(7^22)
 5 5 5 5 5 5 5 5 5 5 5 5 5 5 5 5 5 5 5 5 5 6
 1/7 + O(7^22)
 0 0 0 0 0 0 0 0 0 0 0 0 0 0 0 0 0 0 0 0 0. 1
t 3
 1/3 + O(7^22)
 4 4 4 4 4 4 4 4 4 4 4 4 4 4 4 4 4 4 4 4 4 5
 1/4 + O(7^22)
 5 1 5 1 5 1 5 1 5 1 5 1 5 1 5 1 5 1 5 1 5 2
 1/5 + O(7^22)
 1 2 5 4 1 2 5 4 1 2 5 4 1 2 5 4 1 2 5 4 1 3
 1/6 + O(7^22)
 5 5 5 5 5 5 5 5 5 5 5 5 5 5 5 5 5 5 5 5 5 6
 1/7 + O(7^22)
 0 0 0 0 0 0 0 0 0 0 0 0 0 0 0 0 0 0 0 0 0. 1
 1/8 + O(7^22)
 6 0 6 0 6 0 6 0 6 0 6 0 6 0 6 0 6 0 6 0 6 1
t 4
 1/4 + O(7^22)
 5 1 5 1 5 1 5 1 5 1 5 1 5 1 5 1 5 1 5 1 5 2
 1/5 + O(7^22)
 1 2 5 4 1 2 5 4 1 2 5 4 1 2 5 4 1 2 5 4 1 3
 1/6 + O(7^22)
 5 5 5 5 5 5 5 5 5 5 5 5 5 5 5 5 5 5 5 5 5 6
 1/7 + O(7^22)
 0 0 0 0 0 0 0 0 0 0 0 0 0 0 0 0 0 0 0 0 0. 1
 1/8 + O(7^22)
 6 0 6 0 6 0 6 0 6 0 6 0 6 0 6 0 6 0 6 0 6 1
 1/9 + O(7^22)
 3 6 1 3 6 1 3 6 1 3 6 1 3 6 1 3 6 1 3 6 1 4
t 5
 1/5 + O(7^22)
 1 2 5 4 1 2 5 4 1 2 5 4 1 2 5 4 1 2 5 4 1 3
 1/6 + O(7^22)
 5 5 5 5 5 5 5 5 5 5 5 5 5 5 5 5 5 5 5 5 5 6
 1/7 + O(7^22)
 0 0 0 0 0 0 0 0 0 0 0 0 0 0 0 0 0 0 0 0 0. 1
 1/8 + O(7^22)
 6 0 6 0 6 0 6 0 6 0 6 0 6 0 6 0 6 0 6 0 6 1
 1/9 + O(7^22)
 3 6 1 3 6 1 3 6 1 3 6 1 3 6 1 3 6 1 3 6 1 4
 1/10 + O(7^22)
 0 4 6 2 0 4 6 2 0 4 6 2 0 4 6 2 0 4 6 2 0 5
t 6
 1/6 + O(7^22)
 5 5 5 5 5 5 5 5 5 5 5 5 5 5 5 5 5 5 5 5 5 6
 1/7 + O(7^22)
 0 0 0 0 0 0 0 0 0 0 0 0 0 0 0 0 0 0 0 0 0. 1
 1/8 + O(7^22)
 6 0 6 0 6 0 6 0 6 0 6 0 6 0 6 0 6 0 6 0 6 1
 1/9 + O(7^22)
 3 6 1 3 6 1 3 6 1 3 6 1 3 6 1 3 6 1 3 6 1 4
 1/10 + O(7^22)
 0 4 6 2 0 4 6 2 0 4 6 2 0 4 6 2 0 4 6 2 0 5
 1/11 + O(7^22)
 1 1 6 2 3 5 5 0 4 3 1 1 6 2 3 5 5 0 4 3 1 2

Det  1 3 0 4 1 5 0 3 4 2 3 5 3 1 3 1 1. 6 4 4 2 1
 141431880/26047360043257

U and V
i 1
 0 0 0 0 0 0 0 0 0 0 0 0 0 0 0 0 0 0 0 0 0 1
 1
 3 3 3 3 3 3 3 3 3 3 3 3 3 3 3 3 3 3 3 3 3 4
 1/2
 4 4 4 4 4 4 4 4 4 4 4 4 4 4 4 4 4 4 4 4 4 5
 1/3
 5 1 5 1 5 1 5 1 5 1 5 1 5 1 5 1 5 1 5 1 5 2
 1/4
 1 2 5 4 1 2 5 4 1 2 5 4 1 2 5 4 1 2 5 4 1 3
 1/5
 5 5 5 5 5 5 5 5 5 5 5 5 5 5 5 5 5 5 5 5 5 6
 1/6
V
 0 0 0 0 0 0 0 0 0 0 0 0 0 0 0 0 0 0 0 0 0 1
 1
 0 0 0 0 0 0 0 0 0 0 0 0 0 0 0 0 0 0 0 0 0 0
 0/1
 0 0 0 0 0 0 0 0 0 0 0 0 0 0 0 0 0 0 0 0 0 0
 0/1
 0 0 0 0 0 0 0 0 0 0 0 0 0 0 0 0 0 0 0 0 0 0
 0/1
 0 0 0 0 0 0 0 0 0 0 0 0 0 0 0 0 0 0 0 0 0 0
 0/1
 0 0 0 0 0 0 0 0 0 0 0 0 0 0 0 0 0 0 0 0 0 0
 0/1
i 2
 0 0 0 0 0 0 0 0 0 0 0 0 0 0 0 0 0 0 0 0 0 0
 0/1
 4 0 4 0 4 0 4 0 4 0 4 0 4 0 4 0 4 0 4 0 4. 1
 5/84
 4 1 1 5 6 3 4 1 1 5 6 3 4 1 1 5 6 3 4 1 1 6
 5/72
 4 1 1 5 6 3 4 1 1 5 6 3 4 1 1 5 6 3 4 1 1 6
 5/72
 5 0 6 3 5 0 6 3 5 0 6 3 5 0 6 3 5 0 6 3 5 1
 1/15
 3 5 4 1 4 0 0 4 2 2 1 3 1 6 1 4 5 1 6 6 6 1
 25/396
V
 1 1 1 1 1 1 1 1 1 1 1 1 1 1 1 1 1 1 1 1 1 1
-1/6
 0 0 0 0 0 0 0 0 0 0 0 0 0 0 0 0 0 0 0 0 0 0
 0/1
 0 0 0 0 0 0 0 0 0 0 0 0 0 0 0 0 0 0 0 0 0 0
 0/1
 0 0 0 0 0 0 0 0 0 0 0 0 0 0 0 0 0 0 0 0 0 0
 0/1
 0 0 0 0 0 0 0 0 0 0 0 0 0 0 0 0 0 0 0 0 0 0
 0/1
 0 0 0 0 0 0 0 0 0 0 0 0 0 0 0 0 0 0 0 0 0 1
 1
i 3
 0 0 0 0 0 0 0 0 0 0 0 0 0 0 0 0 0 0 0 0 0 0
 0/1
 0 0 0 0 0 0 0 0 0 0 0 0 0 0 0 0 0 0 0 0 0 0
 0/1
 3 5 4 5 1 3 2 2 6 1 0 0 3 5 4 5 1 3 2 2 6. 1
-1/630
 0 6 4 4 5 4 2 2 3 2 0 0 0 6 4 4 5 4 2 2 3 2
-1/360
 2 4 2 2 3 3 6 0 4 3 2 5 5 2 6 3 6 2 3 2 0 2
-4/1125
 6 3 2 2 3 5 0 1 4 5 3 1 3 2 0 3 1 1 1 3 4 1
-2/495
V
 4 4 0 0 4 4 0 0 4 4 0 0 4 4 0 0 4 4 0 0 4 4
-1/75
 0 0 0 0 0 0 0 0 0 0 0 0 0 0 0 0 0 0 0 0 0 0
 0/1
 0 0 0 0 0 0 0 0 0 0 0 0 0 0 0 0 0 0 0 0 0 0
 0/1
 0 0 0 0 0 0 0 0 0 0 0 0 0 0 0 0 0 0 0 0 0 0
 0/1
 0 0 0 0 0 0 0 0 0 0 0 0 0 0 0 0 0 0 0 0 0 1
 1
 6 1 0 5 6 1 0 5 6 1 0 5 6 1 0 5 6 1 0 5 6 0
-28/25
i 4
 0 0 0 0 0 0 0 0 0 0 0 0 0 0 0 0 0 0 0 0 0 0
 0/1
 0 0 0 0 0 0 0 0 0 0 0 0 0 0 0 0 0 0 0 0 0 0
 0/1
 0 0 0 0 0 0 0 0 0 0 0 0 0 0 0 0 0 0 0 0 0 0
 0/1
 6 4 3 3 3 0 6 6 6 4 3 3 3 0 6 6 6 4 3 3 3. 1
 1/6720
 1 1 6 6 6 6 1 2 5 3 2 5 4 0 4 1 2 4 5 4 1 2
 1/3000
 6 1 2 2 2 1 0 5 6 2 5 5 0 3 1 4 5 6 5 6 3 6
 1/1980
V
 1 5 0 0 1 5 0 0 1 5 0 0 1 5 0 0 1 5 0 0 1 5
-1/200
 0 0 0 0 0 0 0 0 0 0 0 0 0 0 0 0 0 0 0 0 0 0
 0/1
 0 0 0 0 0 0 0 0 0 0 0 0 0 0 0 0 0 0 0 0 0 0
 0/1
 0 0 0 0 0 0 0 0 0 0 0 0 0 0 0 0 0 0 0 0 0 1
 1
 4 2 4 2 4 2 4 2 4 2 4 2 4 2 4 2 4 2 4 2 4 0
-21/8
 4 5 2 1 4 5 2 1 4 5 2 1 4 5 2 1 4 5 2 1 5 0
 42/25
i 5
 0 0 0 0 0 0 0 0 0 0 0 0 0 0 0 0 0 0 0 0 0 0
 0/1
 0 0 0 0 0 0 0 0 0 0 0 0 0 0 0 0 0 0 0 0 0 0
 0/1
 0 0 0 0 0 0 0 0 0 0 0 0 0 0 0 0 0 0 0 0 0 0
 0/1
 0 0 0 0 0 0 0 0 0 0 0 0 0 0 0 0 0 0 0 0 0 0
 0/1
 1 3 2 2 2 2 6 0 3 2 2 5 4 1 6 3 5 1 3 1 6. 1
-1/31500
 3 4 3 0 5 3 2 1 2 3 0 1 3 2 6 5 0 1 1 2 2 6
-1/11880
V
 2 2 0 0 2 2 0 0 2 2 0 0 2 2 0 0 2 2 0 0 2 2
-1/150
 0 0 0 0 0 0 0 0 0 0 0 0 0 0 0 0 0 0 0 0 0 0
 0/1
 0 0 0 0 0 0 0 0 0 0 0 0 0 0 0 0 0 0 0 0 0 1
 1
 4 4 4 4 4 4 4 4 4 4 4 4 4 4 4 4 4 4 4 4 4 0
-14/3
 0 0 0 0 0 0 0 0 0 0 0 0 0 0 0 0 0 0 0 0 1 0
 7
 4 3 2 3 4 3 2 3 4 3 2 3 4 3 2 3 4 3 2 3 4 0
-84/25
i 6
 0 0 0 0 0 0 0 0 0 0 0 0 0 0 0 0 0 0 0 0 0 0
 0/1
 0 0 0 0 0 0 0 0 0 0 0 0 0 0 0 0 0 0 0 0 0 0
 0/1
 0 0 0 0 0 0 0 0 0 0 0 0 0 0 0 0 0 0 0 0 0 0
 0/1
 0 0 0 0 0 0 0 0 0 0 0 0 0 0 0 0 0 0 0 0 0 0
 0/1
 0 0 0 0 0 0 0 0 0 0 0 0 0 0 0 0 0 0 0 0 0 0
 0/1
 3 2 3 6 1 3 4 5 4 3 6 5 3 4 0 1 6 5 5 4 4. 1
 1/83160
V
 4 3 0 1 4 3 0 1 4 3 0 1 4 3 0 1 4 3 0 1 4 3
-1/30
 0 0 0 0 0 0 0 0 0 0 0 0 0 0 0 0 0 0 0 0 0 1
 1
 6 6 6 6 6 6 6 6 6 6 6 6 6 6 6 6 6 6 6 6 6 0
-7
 2 2 2 2 2 2 2 2 2 2 2 2 2 2 2 2 2 2 2 2 5 0
 56/3
 6 6 6 6 6 6 6 6 6 6 6 6 6 6 6 6 6 6 6 6 4 0
-21
 2 5 4 1 2 5 4 1 2 5 4 1 2 5 4 1 2 5 4 1 4 0
 42/5

inverse H
i 1
 0 0 0 0 0 0 0 0 0 0 0 0 0 0 0 0 0 0 0 0 5 1
 36
 6 6 6 6 6 6 6 6 6 6 6 6 6 6 6 6 6 6 6 5 1 1 v1
-630
 0 0 0 0 0 0 0 0 0 0 0 0 0 0 0 0 0 0 1 2 5 4 v1
 3360
 6 6 6 6 6 6 6 6 6 6 6 6 6 6 6 6 6 6 3 5 6 5 v1
-7560
 0 0 0 0 0 0 0 0 0 0 0 0 0 0 0 0 0 0 3 1 0 2 v1
 7560
 6 6 6 6 6 6 6 6 6 6 6 6 6 6 6 6 6 6 5 5 6 3 v1
-2772
i 2
 6 6 6 6 6 6 6 6 6 6 6 6 6 6 6 6 6 6 6 5 1 1 v1
-630
 0 0 0 0 0 0 0 0 0 0 0 0 0 0 0 0 0 0 0 6 0 6 v2
 14700
 6 6 6 6 6 6 6 6 6 6 6 6 6 6 6 6 6 6 1 5 1 6 v2
-88200
 0 0 0 0 0 0 0 0 0 0 0 0 0 0 0 0 0 1 5 4 1 1 v2
 211680
 6 6 6 6 6 6 6 6 6 6 6 6 6 6 6 6 6 5 0 6 1 1 v2
-220500
 0 0 0 0 0 0 0 0 0 0 0 0 0 0 0 0 0 4 6 4 3 1 v1
 83160
i 3
 0 0 0 0 0 0 0 0 0 0 0 0 0 0 0 0 0 0 1 2 5 4 v1
 3360
 6 6 6 6 6 6 6 6 6 6 6 6 6 6 6 6 6 6 1 5 1 6 v2
-88200
 0 0 0 0 0 0 0 0 0 0 0 0 0 0 0 0 0 4 5 4 0 5 v2
 564480
 6 6 6 6 6 6 6 6 6 6 6 6 6 6 6 6 5 2 0 0 1 5 v2
-1411200
 0 0 0 0 0 0 0 0 0 0 0 0 0 0 0 1 5 5 6 5 1 1 v1
 1512000
 6 6 6 6 6 6 6 6 6 6 6 6 6 6 6 6 6 2 0 2 3 6 v2
-582120
i 4
 6 6 6 6 6 6 6 6 6 6 6 6 6 6 6 6 6 6 3 5 6 5 v1
-7560
 0 0 0 0 0 0 0 0 0 0 0 0 0 0 0 0 0 1 5 4 1 1 v2
 211680
 6 6 6 6 6 6 6 6 6 6 6 6 6 6 6 6 5 2 0 0 1 5 v2
-1411200
 0 0 0 0 0 0 0 0 0 0 0 0 0 0 0 4 2 5 6 2 4 1 v1
 3628800
 6 6 6 6 6 6 6 6 6 6 6 6 6 6 6 6 2 1 1 5 6 4 v2
-3969000
 0 0 0 0 0 0 0 0 0 0 0 0 0 0 0 0 1 6 1 2 3 5 v2
 1552320
i 5
 0 0 0 0 0 0 0 0 0 0 0 0 0 0 0 0 0 0 3 1 0 2 v1
 7560
 6 6 6 6 6 6 6 6 6 6 6 6 6 6 6 6 6 5 0 6 1 1 v2
-220500
 0 0 0 0 0 0 0 0 0 0 0 0 0 0 0 1 5 5 6 5 1 1 v1
 1512000
 6 6 6 6 6 6 6 6 6 6 6 6 6 6 6 6 2 1 1 5 6 4 v2
-3969000
 0 0 0 0 0 0 0 0 0 0 0 0 0 0 0 0 5 2 3 2 5 1 v2
 4410000
 6 6 6 6 6 6 6 6 6 6 6 6 6 6 6 6 4 6 1 0 4 4 v2
-1746360
i 6
 6 6 6 6 6 6 6 6 6 6 6 6 6 6 6 6 6 6 5 5 6 3 v1
-2772
 0 0 0 0 0 0 0 0 0 0 0 0 0 0 0 0 0 4 6 4 3 1 v1
 83160
 6 6 6 6 6 6 6 6 6 6 6 6 6 6 6 6 6 2 0 2 3 6 v2
-582120
 0 0 0 0 0 0 0 0 0 0 0 0 0 0 0 0 1 6 1 2 3 5 v2
 1552320
 6 6 6 6 6 6 6 6 6 6 6 6 6 6 6 6 4 6 1 0 4 4 v2
-1746360
 0 0 0 0 0 0 0 0 0 0 0 0 0 0 0 0 0 5 6 3 6 4 v2
 698544

error check
t 1
t 2
t 3
t 4
t 5
t 6

 1/1 + O(7^22)

Order 7 Hilbert matrix

t 1
 1/1 + O(7^22)
 0 0 0 0 0 0 0 0 0 0 0 0 0 0 0 0 0 0 0 0 0 1
 1/2 + O(7^22)
 3 3 3 3 3 3 3 3 3 3 3 3 3 3 3 3 3 3 3 3 3 4
 1/3 + O(7^22)
 4 4 4 4 4 4 4 4 4 4 4 4 4 4 4 4 4 4 4 4 4 5
 1/4 + O(7^22)
 5 1 5 1 5 1 5 1 5 1 5 1 5 1 5 1 5 1 5 1 5 2
 1/5 + O(7^22)
 1 2 5 4 1 2 5 4 1 2 5 4 1 2 5 4 1 2 5 4 1 3
 1/6 + O(7^22)
 5 5 5 5 5 5 5 5 5 5 5 5 5 5 5 5 5 5 5 5 5 6
 1/7 + O(7^22)
 0 0 0 0 0 0 0 0 0 0 0 0 0 0 0 0 0 0 0 0 0. 1
t 2
 1/2 + O(7^22)
 3 3 3 3 3 3 3 3 3 3 3 3 3 3 3 3 3 3 3 3 3 4
 1/3 + O(7^22)
 4 4 4 4 4 4 4 4 4 4 4 4 4 4 4 4 4 4 4 4 4 5
 1/4 + O(7^22)
 5 1 5 1 5 1 5 1 5 1 5 1 5 1 5 1 5 1 5 1 5 2
 1/5 + O(7^22)
 1 2 5 4 1 2 5 4 1 2 5 4 1 2 5 4 1 2 5 4 1 3
 1/6 + O(7^22)
 5 5 5 5 5 5 5 5 5 5 5 5 5 5 5 5 5 5 5 5 5 6
 1/7 + O(7^22)
 0 0 0 0 0 0 0 0 0 0 0 0 0 0 0 0 0 0 0 0 0. 1
 1/8 + O(7^22)
 6 0 6 0 6 0 6 0 6 0 6 0 6 0 6 0 6 0 6 0 6 1
t 3
 1/3 + O(7^22)
 4 4 4 4 4 4 4 4 4 4 4 4 4 4 4 4 4 4 4 4 4 5
 1/4 + O(7^22)
 5 1 5 1 5 1 5 1 5 1 5 1 5 1 5 1 5 1 5 1 5 2
 1/5 + O(7^22)
 1 2 5 4 1 2 5 4 1 2 5 4 1 2 5 4 1 2 5 4 1 3
 1/6 + O(7^22)
 5 5 5 5 5 5 5 5 5 5 5 5 5 5 5 5 5 5 5 5 5 6
 1/7 + O(7^22)
 0 0 0 0 0 0 0 0 0 0 0 0 0 0 0 0 0 0 0 0 0. 1
 1/8 + O(7^22)
 6 0 6 0 6 0 6 0 6 0 6 0 6 0 6 0 6 0 6 0 6 1
 1/9 + O(7^22)
 3 6 1 3 6 1 3 6 1 3 6 1 3 6 1 3 6 1 3 6 1 4
t 4
 1/4 + O(7^22)
 5 1 5 1 5 1 5 1 5 1 5 1 5 1 5 1 5 1 5 1 5 2
 1/5 + O(7^22)
 1 2 5 4 1 2 5 4 1 2 5 4 1 2 5 4 1 2 5 4 1 3
 1/6 + O(7^22)
 5 5 5 5 5 5 5 5 5 5 5 5 5 5 5 5 5 5 5 5 5 6
 1/7 + O(7^22)
 0 0 0 0 0 0 0 0 0 0 0 0 0 0 0 0 0 0 0 0 0. 1
 1/8 + O(7^22)
 6 0 6 0 6 0 6 0 6 0 6 0 6 0 6 0 6 0 6 0 6 1
 1/9 + O(7^22)
 3 6 1 3 6 1 3 6 1 3 6 1 3 6 1 3 6 1 3 6 1 4
 1/10 + O(7^22)
 0 4 6 2 0 4 6 2 0 4 6 2 0 4 6 2 0 4 6 2 0 5
t 5
 1/5 + O(7^22)
 1 2 5 4 1 2 5 4 1 2 5 4 1 2 5 4 1 2 5 4 1 3
 1/6 + O(7^22)
 5 5 5 5 5 5 5 5 5 5 5 5 5 5 5 5 5 5 5 5 5 6
 1/7 + O(7^22)
 0 0 0 0 0 0 0 0 0 0 0 0 0 0 0 0 0 0 0 0 0. 1
 1/8 + O(7^22)
 6 0 6 0 6 0 6 0 6 0 6 0 6 0 6 0 6 0 6 0 6 1
 1/9 + O(7^22)
 3 6 1 3 6 1 3 6 1 3 6 1 3 6 1 3 6 1 3 6 1 4
 1/10 + O(7^22)
 0 4 6 2 0 4 6 2 0 4 6 2 0 4 6 2 0 4 6 2 0 5
 1/11 + O(7^22)
 1 1 6 2 3 5 5 0 4 3 1 1 6 2 3 5 5 0 4 3 1 2
t 6
 1/6 + O(7^22)
 5 5 5 5 5 5 5 5 5 5 5 5 5 5 5 5 5 5 5 5 5 6
 1/7 + O(7^22)
 0 0 0 0 0 0 0 0 0 0 0 0 0 0 0 0 0 0 0 0 0. 1
 1/8 + O(7^22)
 6 0 6 0 6 0 6 0 6 0 6 0 6 0 6 0 6 0 6 0 6 1
 1/9 + O(7^22)
 3 6 1 3 6 1 3 6 1 3 6 1 3 6 1 3 6 1 3 6 1 4
 1/10 + O(7^22)
 0 4 6 2 0 4 6 2 0 4 6 2 0 4 6 2 0 4 6 2 0 5
 1/11 + O(7^22)
 1 1 6 2 3 5 5 0 4 3 1 1 6 2 3 5 5 0 4 3 1 2
 1/12 + O(7^22)
 6 2 6 2 6 2 6 2 6 2 6 2 6 2 6 2 6 2 6 2 6 3
t 7
 1/7 + O(7^22)
 0 0 0 0 0 0 0 0 0 0 0 0 0 0 0 0 0 0 0 0 0. 1
 1/8 + O(7^22)
 6 0 6 0 6 0 6 0 6 0 6 0 6 0 6 0 6 0 6 0 6 1
 1/9 + O(7^22)
 3 6 1 3 6 1 3 6 1 3 6 1 3 6 1 3 6 1 3 6 1 4
 1/10 + O(7^22)
 0 4 6 2 0 4 6 2 0 4 6 2 0 4 6 2 0 4 6 2 0 5
 1/11 + O(7^22)
 1 1 6 2 3 5 5 0 4 3 1 1 6 2 3 5 5 0 4 3 1 2
 1/12 + O(7^22)
 6 2 6 2 6 2 6 2 6 2 6 2 6 2 6 2 6 2 6 2 6 3
 1/13 + O(7^22)
 1 4 2 1 0 3 5 2 4 5 6 3 1 4 2 1 0 3 5 2 4 6

Det  6 6 2 1 6 5 1 0 4 2 1 5 3 1 4. 6 4 3 6 6 6 6
-31808897/261367373314033

U and V
i 1
 0 0 0 0 0 0 0 0 0 0 0 0 0 0 0 0 0 0 0 0 0. 1
 1/7
 6 0 6 0 6 0 6 0 6 0 6 0 6 0 6 0 6 0 6 0 6 1
 1/8
 3 6 1 3 6 1 3 6 1 3 6 1 3 6 1 3 6 1 3 6 1 4
 1/9
 0 4 6 2 0 4 6 2 0 4 6 2 0 4 6 2 0 4 6 2 0 5
 1/10
 1 1 6 2 3 5 5 0 4 3 1 1 6 2 3 5 5 0 4 3 1 2
 1/11
 6 2 6 2 6 2 6 2 6 2 6 2 6 2 6 2 6 2 6 2 6 3
 1/12
 1 4 2 1 0 3 5 2 4 5 6 3 1 4 2 1 0 3 5 2 4 6
 1/13
V
 0 0 0 0 0 0 0 0 0 0 0 0 0 0 0 0 0 0 0 0 0 0
 0/1
 0 0 0 0 0 0 0 0 0 0 0 0 0 0 0 0 0 0 0 0 0 0
 0/1
 0 0 0 0 0 0 0 0 0 0 0 0 0 0 0 0 0 0 0 0 0 0
 0/1
 0 0 0 0 0 0 0 0 0 0 0 0 0 0 0 0 0 0 0 0 0 0
 0/1
 0 0 0 0 0 0 0 0 0 0 0 0 0 0 0 0 0 0 0 0 0 0
 0/1
 0 0 0 0 0 0 0 0 0 0 0 0 0 0 0 0 0 0 0 0 0 0
 0/1
 0 0 0 0 0 0 0 0 0 0 0 0 0 0 0 0 0 0 0 0 0 1
 1
i 2
 0 0 0 0 0 0 0 0 0 0 0 0 0 0 0 0 0 0 0 0 0 0
 0/1
 0 1 0 1 0 1 0 1 0 1 0 1 0 1 0 1 0 1 0 1 0. 1
-1/336
 3 6 3 1 0 0 1 4 0 5 4 4 6 1 5 3 2 2 3 6 3 1
-1/216
 1 6 2 2 4 1 4 4 6 4 0 0 1 6 2 2 4 1 4 4 6 4
-1/180
 2 5 0 0 2 0 3 6 0 1 1 2 1 3 0 4 5 1 5 5 2 5
-1/165
 6 4 2 2 4 3 3 3 0 3 1 6 4 4 6 5 5 5 2 5 4 2
-5/792
 2 1 2 5 1 0 5 6 5 3 0 0 2 1 2 5 1 0 5 6 5 3
-1/156
V
 0 0 0 0 0 0 0 0 0 0 0 0 0 0 0 0 0 0 0 0 0 0
 0/1
 0 0 0 0 0 0 0 0 0 0 0 0 0 0 0 0 0 0 0 0 0 0
 0/1
 0 0 0 0 0 0 0 0 0 0 0 0 0 0 0 0 0 0 0 0 0 0
 0/1
 0 0 0 0 0 0 0 0 0 0 0 0 0 0 0 0 0 0 0 0 0 0
 0/1
 0 0 0 0 0 0 0 0 0 0 0 0 0 0 0 0 0 0 0 0 0 0
 0/1
 0 0 0 0 0 0 0 0 0 0 0 0 0 0 0 0 0 0 0 0 0 1
 1
 1 1 1 1 1 1 1 1 1 1 1 1 1 1 1 1 1 1 1 1 1 0
-7/6
i 3
 0 0 0 0 0 0 0 0 0 0 0 0 0 0 0 0 0 0 0 0 0 0
 0/1
 0 0 0 0 0 0 0 0 0 0 0 0 0 0 0 0 0 0 0 0 0 0
 0/1
 4 0 1 3 5 4 0 5 2 3 2 2 1 4 6 1 3 1 5 3 0. 1
 1/3780
 6 5 4 4 4 3 2 2 2 0 6 6 6 5 4 4 4 3 2 2 2 1
 1/1800
 2 6 2 2 2 0 2 5 1 5 6 2 3 3 5 3 3 6 5 2 0 4
 2/2475
 5 2 4 4 4 2 1 4 5 5 4 3 0 6 3 2 4 6 4 6 0 5
 1/990
 4 0 2 4 5 3 4 4 3 3 1 6 2 1 0 0 6 5 4 0 0 2
 1/858
V
 0 0 0 0 0 0 0 0 0 0 0 0 0 0 0 0 0 0 0 0 0 0
 0/1
 0 0 0 0 0 0 0 0 0 0 0 0 0 0 0 0 0 0 0 0 0 0
 0/1
 0 0 0 0 0 0 0 0 0 0 0 0 0 0 0 0 0 0 0 0 0 0
 0/1
 0 0 0 0 0 0 0 0 0 0 0 0 0 0 0 0 0 0 0 0 0 0
 0/1
 0 0 0 0 0 0 0 0 0 0 0 0 0 0 0 0 0 0 0 0 0 1
 1
 1 2 5 4 1 2 5 4 1 2 5 4 1 2 5 4 1 2 5 4 1 0
-14/5
 3 5 0 6 3 5 0 6 3 5 0 6 3 5 0 6 3 5 0 6 4 0
 28/15
i 4
 0 0 0 0 0 0 0 0 0 0 0 0 0 0 0 0 0 0 0 0 0 0
 0/1
 0 0 0 0 0 0 0 0 0 0 0 0 0 0 0 0 0 0 0 0 0 0
 0/1
 0 0 0 0 0 0 0 0 0 0 0 0 0 0 0 0 0 0 0 0 0 0
 0/1
 0 1 0 0 0 1 0 0 0 1 0 0 0 1 0 0 0 1 0 0 0. 1
-1/16800
 5 1 0 0 0 0 2 3 5 5 3 1 1 6 5 0 4 3 3 5 5 1
-1/6600
 3 6 2 2 2 2 6 4 0 2 0 4 3 1 6 1 0 3 4 0 1 4
-1/3960
 6 3 2 4 6 0 2 0 5 1 5 5 0 5 2 0 2 6 0 1 2 5
-1/2860
V
 0 0 0 0 0 0 0 0 0 0 0 0 0 0 0 0 0 0 0 0 0 0
 0/1
 0 0 0 0 0 0 0 0 0 0 0 0 0 0 0 0 0 0 0 0 0 0
 0/1
 0 0 0 0 0 0 0 0 0 0 0 0 0 0 0 0 0 0 0 0 0 0
 0/1
 0 0 0 0 0 0 0 0 0 0 0 0 0 0 0 0 0 0 0 0 0 1
 1
 1 5 1 5 1 5 1 5 1 5 1 5 1 5 1 5 1 5 1 5 1 0
-21/4
 2 5 4 1 2 5 4 1 2 5 4 1 2 5 4 1 2 5 4 1 4 0
 42/5
 5 4 1 2 5 4 1 2 5 4 1 2 5 4 1 2 5 4 1 2 5 0
-21/5
i 5
 0 0 0 0 0 0 0 0 0 0 0 0 0 0 0 0 0 0 0 0 0 0
 0/1
 0 0 0 0 0 0 0 0 0 0 0 0 0 0 0 0 0 0 0 0 0 0
 0/1
 0 0 0 0 0 0 0 0 0 0 0 0 0 0 0 0 0 0 0 0 0 0
 0/1
 0 0 0 0 0 0 0 0 0 0 0 0 0 0 0 0 0 0 0 0 0 0
 0/1
 2 3 2 2 2 1 5 6 3 6 5 0 4 2 4 6 0 6 6 4 0. 1
 1/34650
 3 2 3 6 1 3 4 5 4 3 6 5 3 4 0 1 6 5 5 4 4 1
 1/11880
 5 4 5 0 1 1 2 6 4 4 4 3 1 1 3 5 1 5 6 0 6 4
 1/6435
V
 0 0 0 0 0 0 0 0 0 0 0 0 0 0 0 0 0 0 0 0 0 0
 0/1
 0 0 0 0 0 0 0 0 0 0 0 0 0 0 0 0 0 0 0 0 0 0
 0/1
 0 0 0 0 0 0 0 0 0 0 0 0 0 0 0 0 0 0 0 0 0 1
 1
 2 2 2 2 2 2 2 2 2 2 2 2 2 2 2 2 2 2 2 2 1 0
-28/3
 0 0 0 0 0 0 0 0 0 0 0 0 0 0 0 0 0 0 0 0 4 0
 28
 2 5 4 1 2 5 4 1 2 5 4 1 2 5 4 1 2 5 4 0 5 0
-168/5
 0 0 0 0 0 0 0 0 0 0 0 0 0 0 0 0 0 0 0 0 2 0
 14
i 6
 0 0 0 0 0 0 0 0 0 0 0 0 0 0 0 0 0 0 0 0 0 0
 0/1
 0 0 0 0 0 0 0 0 0 0 0 0 0 0 0 0 0 0 0 0 0 0
 0/1
 0 0 0 0 0 0 0 0 0 0 0 0 0 0 0 0 0 0 0 0 0 0
 0/1
 0 0 0 0 0 0 0 0 0 0 0 0 0 0 0 0 0 0 0 0 0 0
 0/1
 0 0 0 0 0 0 0 0 0 0 0 0 0 0 0 0 0 0 0 0 0 0
 0/1
 5 4 0 5 3 1 1 6 6 0 4 0 1 3 6 2 0 2 6 6 0. 1
-1/33264
 2 4 0 2 3 4 2 3 4 6 5 0 4 3 2 6 2 2 3 1 1 1
-1/10296
V
 0 0 0 0 0 0 0 0 0 0 0 0 0 0 0 0 0 0 0 0 0 0
 0/1
 0 0 0 0 0 0 0 0 0 0 0 0 0 0 0 0 0 0 0 0 0 1
 1
 3 3 3 3 3 3 3 3 3 3 3 3 3 3 3 3 3 3 3 3 1 0
-35/2
 4 4 4 4 4 4 4 4 4 4 4 4 4 4 4 4 4 4 4 6 4 0
 280/3
 6 6 6 6 6 6 6 6 6 6 6 6 6 6 6 6 6 6 6 2 5 0
-210
 0 0 0 0 0 0 0 0 0 0 0 0 0 0 0 0 0 0 0 4 2 0
 210
 6 6 6 6 6 6 6 6 6 6 6 6 6 6 6 6 6 6 6 5 3 0
-77
i 7
 0 0 0 0 0 0 0 0 0 0 0 0 0 0 0 0 0 0 0 0 0 0
 0/1
 0 0 0 0 0 0 0 0 0 0 0 0 0 0 0 0 0 0 0 0 0 0
 0/1
 0 0 0 0 0 0 0 0 0 0 0 0 0 0 0 0 0 0 0 0 0 0
 0/1
 0 0 0 0 0 0 0 0 0 0 0 0 0 0 0 0 0 0 0 0 0 0
 0/1
 0 0 0 0 0 0 0 0 0 0 0 0 0 0 0 0 0 0 0 0 0 0
 0/1
 0 0 0 0 0 0 0 0 0 0 0 0 0 0 0 0 0 0 0 0 0 0
 0/1
 5 3 4 5 6 1 5 5 5 1 4 3 1 0 3 3 6 6 2 0 0. 1
 1/12012
V
 0 0 0 0 0 0 0 0 0 0 0 0 0 0 0 0 0 0 0 0 0 1
 1
 6 6 6 6 6 6 6 6 6 6 6 6 6 6 6 6 6 6 6 6 1 0
-42
 0 0 0 0 0 0 0 0 0 0 0 0 0 0 0 0 0 0 1 1 4 0
 420
 6 6 6 6 6 6 6 6 6 6 6 6 6 6 6 6 6 6 2 0 5 0
-1680
 0 0 0 0 0 0 0 0 0 0 0 0 0 0 0 0 0 1 2 1 2 0
 3150
 6 6 6 6 6 6 6 6 6 6 6 6 6 6 6 6 6 5 5 6 3 0
-2772
 0 0 0 0 0 0 0 0 0 0 0 0 0 0 0 0 0 0 2 4 6 0
 924

inverse H
i 1
 0 0 0 0 0 0 0 0 0 0 0 0 0 0 0 0 0 0 0 0 0 1 v2
 49
 6 6 6 6 6 6 6 6 6 6 6 6 6 6 6 6 6 6 6 6 3 4 v2
-1176
 0 0 0 0 0 0 0 0 0 0 0 0 0 0 0 0 0 0 0 3 4 5 v2
 8820
 6 6 6 6 6 6 6 6 6 6 6 6 6 6 6 6 6 6 5 1 5 2 v2
-29400
 0 0 0 0 0 0 0 0 0 0 0 0 0 0 0 0 0 0 2 6 1 3 v2
 48510
 6 6 6 6 6 6 6 6 6 6 6 6 6 6 6 6 6 6 4 4 5 6 v2
-38808
 0 0 0 0 0 0 0 0 0 0 0 0 0 0 0 0 0 0 5 0 0 1 v1
 12012
i 2
 6 6 6 6 6 6 6 6 6 6 6 6 6 6 6 6 6 6 6 6 3 4 v2
-1176
 0 0 0 0 0 0 0 0 0 0 0 0 0 0 0 0 0 0 2 1 4 5 v2
 37632
 6 6 6 6 6 6 6 6 6 6 6 6 6 6 6 6 6 4 2 0 5 2 v2
-317520
 0 0 0 0 0 0 0 0 0 0 0 0 0 0 0 0 1 2 4 1 1 3 v2
 1128960
 6 6 6 6 6 6 6 6 6 6 6 6 6 6 6 6 4 4 3 3 5 6 v2
-1940400
 0 0 0 0 0 0 0 0 0 0 0 0 0 0 0 1 6 4 0 0 0 1 v1
 1596672
 6 6 6 6 6 6 6 6 6 6 6 6 6 6 6 6 6 2 4 6 6 1 v2
-504504
i 3
 0 0 0 0 0 0 0 0 0 0 0 0 0 0 0 0 0 0 0 3 4 5 v2
 8820
 6 6 6 6 6 6 6 6 6 6 6 6 6 6 6 6 6 4 2 0 5 2 v2
-317520
 0 0 0 0 0 0 0 0 0 0 0 0 0 0 0 0 3 3 2 0 1 3 v2
 2857680
 6 6 6 6 6 6 6 6 6 6 6 6 6 6 6 5 1 1 0 1 5 6 v2
-10584000
 0 0 0 0 0 0 0 0 0 0 0 0 0 0 3 1 5 0 2 0 0 1 v1
 18711000
 6 6 6 6 6 6 6 6 6 6 6 6 6 6 6 4 1 6 2 5 6 1 v2
-15717240
 0 0 0 0 0 0 0 0 0 0 0 0 0 0 0 0 6 0 6 1 1 4 v2
 5045040
i 4
 6 6 6 6 6 6 6 6 6 6 6 6 6 6 6 6 6 6 5 1 5 2 v2
-29400
 0 0 0 0 0 0 0 0 0 0 0 0 0 0 0 0 1 2 4 1 1 3 v2
 1128960
 6 6 6 6 6 6 6 6 6 6 6 6 6 6 6 5 1 1 0 1 5 6 v2
-10584000
 0 0 0 0 0 0 0 0 0 0 0 0 0 0 6 6 6 5 0 0 0 1 v1
 40320000
 6 6 6 6 6 6 6 6 6 6 6 6 6 6 5 1 2 4 3 3 6 1 v2
-72765000
 0 0 0 0 0 0 0 0 0 0 0 0 0 0 1 3 5 2 5 3 1 4 v2
 62092800
 6 6 6 6 6 6 6 6 6 6 6 6 6 6 6 3 3 3 3 2 0 5 v2
-20180160
i 5
 0 0 0 0 0 0 0 0 0 0 0 0 0 0 0 0 0 0 2 6 1 3 v2
 48510
 6 6 6 6 6 6 6 6 6 6 6 6 6 6 6 6 4 4 3 3 5 6 v2
-1940400
 0 0 0 0 0 0 0 0 0 0 0 0 0 0 3 1 5 0 2 0 0 1 v1
 18711000
 6 6 6 6 6 6 6 6 6 6 6 6 6 6 5 1 2 4 3 3 6 1 v2
-72765000
 0 0 0 0 0 0 0 0 0 0 0 0 0 0 3 2 0 6 6 2 1 4 v2
 133402500
 6 6 6 6 6 6 6 6 6 6 6 6 6 6 4 1 0 0 2 1 0 5 v2
-115259760
 0 0 0 0 0 0 0 0 0 0 0 0 0 0 0 6 3 6 4 2 1 2 v2
 37837800
i 6
 6 6 6 6 6 6 6 6 6 6 6 6 6 6 6 6 6 6 4 4 5 6 v2
-38808
 0 0 0 0 0 0 0 0 0 0 0 0 0 0 0 1 6 4 0 0 0 1 v1
 1596672
 6 6 6 6 6 6 6 6 6 6 6 6 6 6 6 4 1 6 2 5 6 1 v2
-15717240
 0 0 0 0 0 0 0 0 0 0 0 0 0 0 1 3 5 2 5 3 1 4 v2
 62092800
 6 6 6 6 6 6 6 6 6 6 6 6 6 6 4 1 0 0 2 1 0 5 v2
-115259760
 0 0 0 0 0 0 0 0 0 0 0 0 0 0 2 3 3 1 0 0 1 2 v2
 100590336
 6 6 6 6 6 6 6 6 6 6 6 6 6 6 6 1 1 3 6 5 6 3 v2
-33297264
i 7
 0 0 0 0 0 0 0 0 0 0 0 0 0 0 0 0 0 0 5 0 0 1 v1
 12012
 6 6 6 6 6 6 6 6 6 6 6 6 6 6 6 6 6 2 4 6 6 1 v2
-504504
 0 0 0 0 0 0 0 0 0 0 0 0 0 0 0 0 6 0 6 1 1 4 v2
 5045040
 6 6 6 6 6 6 6 6 6 6 6 6 6 6 6 3 3 3 3 2 0 5 v2
-20180160
 0 0 0 0 0 0 0 0 0 0 0 0 0 0 0 6 3 6 4 2 1 2 v2
 37837800
 6 6 6 6 6 6 6 6 6 6 6 6 6 6 6 1 1 3 6 5 6 3 v2
-33297264
 0 0 0 0 0 0 0 0 0 0 0 0 0 0 0 1 6 3 2 2 4 6 v2
 11099088

error check
t 1
t 2
t 3
t 4
t 5
t 6
t 7

 1/1 + O(7^22)

Order 8 Hilbert matrix

t 1
 1/1 + O(7^22)
 0 0 0 0 0 0 0 0 0 0 0 0 0 0 0 0 0 0 0 0 0 1
 1/2 + O(7^22)
 3 3 3 3 3 3 3 3 3 3 3 3 3 3 3 3 3 3 3 3 3 4
 1/3 + O(7^22)
 4 4 4 4 4 4 4 4 4 4 4 4 4 4 4 4 4 4 4 4 4 5
 1/4 + O(7^22)
 5 1 5 1 5 1 5 1 5 1 5 1 5 1 5 1 5 1 5 1 5 2
 1/5 + O(7^22)
 1 2 5 4 1 2 5 4 1 2 5 4 1 2 5 4 1 2 5 4 1 3
 1/6 + O(7^22)
 5 5 5 5 5 5 5 5 5 5 5 5 5 5 5 5 5 5 5 5 5 6
 1/7 + O(7^22)
 0 0 0 0 0 0 0 0 0 0 0 0 0 0 0 0 0 0 0 0 0. 1
 1/8 + O(7^22)
 6 0 6 0 6 0 6 0 6 0 6 0 6 0 6 0 6 0 6 0 6 1
t 2
 1/2 + O(7^22)
 3 3 3 3 3 3 3 3 3 3 3 3 3 3 3 3 3 3 3 3 3 4
 1/3 + O(7^22)
 4 4 4 4 4 4 4 4 4 4 4 4 4 4 4 4 4 4 4 4 4 5
 1/4 + O(7^22)
 5 1 5 1 5 1 5 1 5 1 5 1 5 1 5 1 5 1 5 1 5 2
 1/5 + O(7^22)
 1 2 5 4 1 2 5 4 1 2 5 4 1 2 5 4 1 2 5 4 1 3
 1/6 + O(7^22)
 5 5 5 5 5 5 5 5 5 5 5 5 5 5 5 5 5 5 5 5 5 6
 1/7 + O(7^22)
 0 0 0 0 0 0 0 0 0 0 0 0 0 0 0 0 0 0 0 0 0. 1
 1/8 + O(7^22)
 6 0 6 0 6 0 6 0 6 0 6 0 6 0 6 0 6 0 6 0 6 1
 1/9 + O(7^22)
 3 6 1 3 6 1 3 6 1 3 6 1 3 6 1 3 6 1 3 6 1 4
t 3
 1/3 + O(7^22)
 4 4 4 4 4 4 4 4 4 4 4 4 4 4 4 4 4 4 4 4 4 5
 1/4 + O(7^22)
 5 1 5 1 5 1 5 1 5 1 5 1 5 1 5 1 5 1 5 1 5 2
 1/5 + O(7^22)
 1 2 5 4 1 2 5 4 1 2 5 4 1 2 5 4 1 2 5 4 1 3
 1/6 + O(7^22)
 5 5 5 5 5 5 5 5 5 5 5 5 5 5 5 5 5 5 5 5 5 6
 1/7 + O(7^22)
 0 0 0 0 0 0 0 0 0 0 0 0 0 0 0 0 0 0 0 0 0. 1
 1/8 + O(7^22)
 6 0 6 0 6 0 6 0 6 0 6 0 6 0 6 0 6 0 6 0 6 1
 1/9 + O(7^22)
 3 6 1 3 6 1 3 6 1 3 6 1 3 6 1 3 6 1 3 6 1 4
 1/10 + O(7^22)
 0 4 6 2 0 4 6 2 0 4 6 2 0 4 6 2 0 4 6 2 0 5
t 4
 1/4 + O(7^22)
 5 1 5 1 5 1 5 1 5 1 5 1 5 1 5 1 5 1 5 1 5 2
 1/5 + O(7^22)
 1 2 5 4 1 2 5 4 1 2 5 4 1 2 5 4 1 2 5 4 1 3
 1/6 + O(7^22)
 5 5 5 5 5 5 5 5 5 5 5 5 5 5 5 5 5 5 5 5 5 6
 1/7 + O(7^22)
 0 0 0 0 0 0 0 0 0 0 0 0 0 0 0 0 0 0 0 0 0. 1
 1/8 + O(7^22)
 6 0 6 0 6 0 6 0 6 0 6 0 6 0 6 0 6 0 6 0 6 1
 1/9 + O(7^22)
 3 6 1 3 6 1 3 6 1 3 6 1 3 6 1 3 6 1 3 6 1 4
 1/10 + O(7^22)
 0 4 6 2 0 4 6 2 0 4 6 2 0 4 6 2 0 4 6 2 0 5
 1/11 + O(7^22)
 1 1 6 2 3 5 5 0 4 3 1 1 6 2 3 5 5 0 4 3 1 2
t 5
 1/5 + O(7^22)
 1 2 5 4 1 2 5 4 1 2 5 4 1 2 5 4 1 2 5 4 1 3
 1/6 + O(7^22)
 5 5 5 5 5 5 5 5 5 5 5 5 5 5 5 5 5 5 5 5 5 6
 1/7 + O(7^22)
 0 0 0 0 0 0 0 0 0 0 0 0 0 0 0 0 0 0 0 0 0. 1
 1/8 + O(7^22)
 6 0 6 0 6 0 6 0 6 0 6 0 6 0 6 0 6 0 6 0 6 1
 1/9 + O(7^22)
 3 6 1 3 6 1 3 6 1 3 6 1 3 6 1 3 6 1 3 6 1 4
 1/10 + O(7^22)
 0 4 6 2 0 4 6 2 0 4 6 2 0 4 6 2 0 4 6 2 0 5
 1/11 + O(7^22)
 1 1 6 2 3 5 5 0 4 3 1 1 6 2 3 5 5 0 4 3 1 2
 1/12 + O(7^22)
 6 2 6 2 6 2 6 2 6 2 6 2 6 2 6 2 6 2 6 2 6 3
t 6
 1/6 + O(7^22)
 5 5 5 5 5 5 5 5 5 5 5 5 5 5 5 5 5 5 5 5 5 6
 1/7 + O(7^22)
 0 0 0 0 0 0 0 0 0 0 0 0 0 0 0 0 0 0 0 0 0. 1
 1/8 + O(7^22)
 6 0 6 0 6 0 6 0 6 0 6 0 6 0 6 0 6 0 6 0 6 1
 1/9 + O(7^22)
 3 6 1 3 6 1 3 6 1 3 6 1 3 6 1 3 6 1 3 6 1 4
 1/10 + O(7^22)
 0 4 6 2 0 4 6 2 0 4 6 2 0 4 6 2 0 4 6 2 0 5
 1/11 + O(7^22)
 1 1 6 2 3 5 5 0 4 3 1 1 6 2 3 5 5 0 4 3 1 2
 1/12 + O(7^22)
 6 2 6 2 6 2 6 2 6 2 6 2 6 2 6 2 6 2 6 2 6 3
 1/13 + O(7^22)
 1 4 2 1 0 3 5 2 4 5 6 3 1 4 2 1 0 3 5 2 4 6
t 7
 1/7 + O(7^22)
 0 0 0 0 0 0 0 0 0 0 0 0 0 0 0 0 0 0 0 0 0. 1
 1/8 + O(7^22)
 6 0 6 0 6 0 6 0 6 0 6 0 6 0 6 0 6 0 6 0 6 1
 1/9 + O(7^22)
 3 6 1 3 6 1 3 6 1 3 6 1 3 6 1 3 6 1 3 6 1 4
 1/10 + O(7^22)
 0 4 6 2 0 4 6 2 0 4 6 2 0 4 6 2 0 4 6 2 0 5
 1/11 + O(7^22)
 1 1 6 2 3 5 5 0 4 3 1 1 6 2 3 5 5 0 4 3 1 2
 1/12 + O(7^22)
 6 2 6 2 6 2 6 2 6 2 6 2 6 2 6 2 6 2 6 2 6 3
 1/13 + O(7^22)
 1 4 2 1 0 3 5 2 4 5 6 3 1 4 2 1 0 3 5 2 4 6
 1/14 + O(7^22)
 3 3 3 3 3 3 3 3 3 3 3 3 3 3 3 3 3 3 3 3 3. 4
t 8
 1/8 + O(7^22)
 6 0 6 0 6 0 6 0 6 0 6 0 6 0 6 0 6 0 6 0 6 1
 1/9 + O(7^22)
 3 6 1 3 6 1 3 6 1 3 6 1 3 6 1 3 6 1 3 6 1 4
 1/10 + O(7^22)
 0 4 6 2 0 4 6 2 0 4 6 2 0 4 6 2 0 4 6 2 0 5
 1/11 + O(7^22)
 1 1 6 2 3 5 5 0 4 3 1 1 6 2 3 5 5 0 4 3 1 2
 1/12 + O(7^22)
 6 2 6 2 6 2 6 2 6 2 6 2 6 2 6 2 6 2 6 2 6 3
 1/13 + O(7^22)
 1 4 2 1 0 3 5 2 4 5 6 3 1 4 2 1 0 3 5 2 4 6
 1/14 + O(7^22)
 3 3 3 3 3 3 3 3 3 3 3 3 3 3 3 3 3 3 3 3 3. 4
 1/15 + O(7^22)
 5 0 6 3 5 0 6 3 5 0 6 3 5 0 6 3 5 0 6 3 5 1

Det  1 6 3 0 5 5 3 6 3 6 1 6 1 6 2. 3 3 4 6 0 5 5
-30308305/886404595552154

U and V
i 1
 0 0 0 0 0 0 0 0 0 0 0 0 0 0 0 0 0 0 0 0 0. 1
 1/7
 6 0 6 0 6 0 6 0 6 0 6 0 6 0 6 0 6 0 6 0 6 1
 1/8
 3 6 1 3 6 1 3 6 1 3 6 1 3 6 1 3 6 1 3 6 1 4
 1/9
 0 4 6 2 0 4 6 2 0 4 6 2 0 4 6 2 0 4 6 2 0 5
 1/10
 1 1 6 2 3 5 5 0 4 3 1 1 6 2 3 5 5 0 4 3 1 2
 1/11
 6 2 6 2 6 2 6 2 6 2 6 2 6 2 6 2 6 2 6 2 6 3
 1/12
 1 4 2 1 0 3 5 2 4 5 6 3 1 4 2 1 0 3 5 2 4 6
 1/13
 3 3 3 3 3 3 3 3 3 3 3 3 3 3 3 3 3 3 3 3 3. 4
 1/14
V
 0 0 0 0 0 0 0 0 0 0 0 0 0 0 0 0 0 0 0 0 0 0
 0/1
 0 0 0 0 0 0 0 0 0 0 0 0 0 0 0 0 0 0 0 0 0 0
 0/1
 0 0 0 0 0 0 0 0 0 0 0 0 0 0 0 0 0 0 0 0 0 0
 0/1
 0 0 0 0 0 0 0 0 0 0 0 0 0 0 0 0 0 0 0 0 0 0
 0/1
 0 0 0 0 0 0 0 0 0 0 0 0 0 0 0 0 0 0 0 0 0 0
 0/1
 0 0 0 0 0 0 0 0 0 0 0 0 0 0 0 0 0 0 0 0 0 0
 0/1
 0 0 0 0 0 0 0 0 0 0 0 0 0 0 0 0 0 0 0 0 0 1
 1
 0 0 0 0 0 0 0 0 0 0 0 0 0 0 0 0 0 0 0 0 0 0
 0/1
i 2
 0 0 0 0 0 0 0 0 0 0 0 0 0 0 0 0 0 0 0 0 0 0
 0/1
 0 1 0 1 0 1 0 1 0 1 0 1 0 1 0 1 0 1 0 1 0. 1
-1/336
 3 6 3 1 0 0 1 4 0 5 4 4 6 1 5 3 2 2 3 6 3 1
-1/216
 1 6 2 2 4 1 4 4 6 4 0 0 1 6 2 2 4 1 4 4 6 4
-1/180
 2 5 0 0 2 0 3 6 0 1 1 2 1 3 0 4 5 1 5 5 2 5
-1/165
 6 4 2 2 4 3 3 3 0 3 1 6 4 4 6 5 5 5 2 5 4 2
-5/792
 2 1 2 5 1 0 5 6 5 3 0 0 2 1 2 5 1 0 5 6 5 3
-1/156
 2 1 2 5 1 0 5 6 5 3 0 0 2 1 2 5 1 0 5 6 5 3
-1/156
V
 0 0 0 0 0 0 0 0 0 0 0 0 0 0 0 0 0 0 0 0 0 0
 0/1
 0 0 0 0 0 0 0 0 0 0 0 0 0 0 0 0 0 0 0 0 0 0
 0/1
 0 0 0 0 0 0 0 0 0 0 0 0 0 0 0 0 0 0 0 0 0 0
 0/1
 0 0 0 0 0 0 0 0 0 0 0 0 0 0 0 0 0 0 0 0 0 0
 0/1
 0 0 0 0 0 0 0 0 0 0 0 0 0 0 0 0 0 0 0 0 0 0
 0/1
 0 0 0 0 0 0 0 0 0 0 0 0 0 0 0 0 0 0 0 0 0 1
 1
 1 1 1 1 1 1 1 1 1 1 1 1 1 1 1 1 1 1 1 1 1 0
-7/6
 0 0 0 0 0 0 0 0 0 0 0 0 0 0 0 0 0 0 0 0 0 0
 0/1
i 3
 0 0 0 0 0 0 0 0 0 0 0 0 0 0 0 0 0 0 0 0 0 0
 0/1
 0 0 0 0 0 0 0 0 0 0 0 0 0 0 0 0 0 0 0 0 0 0
 0/1
 4 0 1 3 5 4 0 5 2 3 2 2 1 4 6 1 3 1 5 3 0. 1
 1/3780
 6 5 4 4 4 3 2 2 2 0 6 6 6 5 4 4 4 3 2 2 2 1
 1/1800
 2 6 2 2 2 0 2 5 1 5 6 2 3 3 5 3 3 6 5 2 0 4
 2/2475
 5 2 4 4 4 2 1 4 5 5 4 3 0 6 3 2 4 6 4 6 0 5
 1/990
 4 0 2 4 5 3 4 4 3 3 1 6 2 1 0 0 6 5 4 0 0 2
 1/858
 6 3 6 3 1 1 1 4 1 4 6 6 6 3 6 3 1 1 1 4 1 5
 1/780
V
 0 0 0 0 0 0 0 0 0 0 0 0 0 0 0 0 0 0 0 0 0 0
 0/1
 0 0 0 0 0 0 0 0 0 0 0 0 0 0 0 0 0 0 0 0 0 0
 0/1
 0 0 0 0 0 0 0 0 0 0 0 0 0 0 0 0 0 0 0 0 0 0
 0/1
 0 0 0 0 0 0 0 0 0 0 0 0 0 0 0 0 0 0 0 0 0 0
 0/1
 0 0 0 0 0 0 0 0 0 0 0 0 0 0 0 0 0 0 0 0 0 1
 1
 1 2 5 4 1 2 5 4 1 2 5 4 1 2 5 4 1 2 5 4 1 0
-14/5
 3 5 0 6 3 5 0 6 3 5 0 6 3 5 0 6 3 5 0 6 4 0
 28/15
 0 0 0 0 0 0 0 0 0 0 0 0 0 0 0 0 0 0 0 0 0 0
 0/1
i 4
 0 0 0 0 0 0 0 0 0 0 0 0 0 0 0 0 0 0 0 0 0 0
 0/1
 0 0 0 0 0 0 0 0 0 0 0 0 0 0 0 0 0 0 0 0 0 0
 0/1
 0 0 0 0 0 0 0 0 0 0 0 0 0 0 0 0 0 0 0 0 0 0
 0/1
 0 1 0 0 0 1 0 0 0 1 0 0 0 1 0 0 0 1 0 0 0. 1
-1/16800
 5 1 0 0 0 0 2 3 5 5 3 1 1 6 5 0 4 3 3 5 5 1
-1/6600
 3 6 2 2 2 2 6 4 0 2 0 4 3 1 6 1 0 3 4 0 1 4
-1/3960
 6 3 2 4 6 0 2 0 5 1 5 5 0 5 2 0 2 6 0 1 2 5
-1/2860
 4 4 1 4 2 2 0 6 1 2 1 6 2 4 6 0 3 4 0 1 5 1
-1/2288
V
 0 0 0 0 0 0 0 0 0 0 0 0 0 0 0 0 0 0 0 0 0 0
 0/1
 0 0 0 0 0 0 0 0 0 0 0 0 0 0 0 0 0 0 0 0 0 0
 0/1
 0 0 0 0 0 0 0 0 0 0 0 0 0 0 0 0 0 0 0 0 0 0
 0/1
 0 0 0 0 0 0 0 0 0 0 0 0 0 0 0 0 0 0 0 0 0 1
 1
 1 5 1 5 1 5 1 5 1 5 1 5 1 5 1 5 1 5 1 5 1 0
-21/4
 2 5 4 1 2 5 4 1 2 5 4 1 2 5 4 1 2 5 4 1 4 0
 42/5
 5 4 1 2 5 4 1 2 5 4 1 2 5 4 1 2 5 4 1 2 5 0
-21/5
 0 0 0 0 0 0 0 0 0 0 0 0 0 0 0 0 0 0 0 0 0 0
 0/1
i 5
 0 0 0 0 0 0 0 0 0 0 0 0 0 0 0 0 0 0 0 0 0 0
 0/1
 0 0 0 0 0 0 0 0 0 0 0 0 0 0 0 0 0 0 0 0 0 0
 0/1
 0 0 0 0 0 0 0 0 0 0 0 0 0 0 0 0 0 0 0 0 0 0
 0/1
 0 0 0 0 0 0 0 0 0 0 0 0 0 0 0 0 0 0 0 0 0 0
 0/1
 2 3 2 2 2 1 5 6 3 6 5 0 4 2 4 6 0 6 6 4 0. 1
 1/34650
 3 2 3 6 1 3 4 5 4 3 6 5 3 4 0 1 6 5 5 4 4 1
 1/11880
 5 4 5 0 1 1 2 6 4 4 4 3 1 1 3 5 1 5 6 0 6 4
 1/6435
 5 0 0 3 5 2 0 6 3 3 3 1 1 5 5 4 2 5 2 1 2 6
 1/4290
V
 0 0 0 0 0 0 0 0 0 0 0 0 0 0 0 0 0 0 0 0 0 0
 0/1
 0 0 0 0 0 0 0 0 0 0 0 0 0 0 0 0 0 0 0 0 0 0
 0/1
 0 0 0 0 0 0 0 0 0 0 0 0 0 0 0 0 0 0 0 0 0 1
 1
 2 2 2 2 2 2 2 2 2 2 2 2 2 2 2 2 2 2 2 2 1 0
-28/3
 0 0 0 0 0 0 0 0 0 0 0 0 0 0 0 0 0 0 0 0 4 0
 28
 2 5 4 1 2 5 4 1 2 5 4 1 2 5 4 1 2 5 4 0 5 0
-168/5
 0 0 0 0 0 0 0 0 0 0 0 0 0 0 0 0 0 0 0 0 2 0
 14
 0 0 0 0 0 0 0 0 0 0 0 0 0 0 0 0 0 0 0 0 0 0
 0/1
i 6
 0 0 0 0 0 0 0 0 0 0 0 0 0 0 0 0 0 0 0 0 0 0
 0/1
 0 0 0 0 0 0 0 0 0 0 0 0 0 0 0 0 0 0 0 0 0 0
 0/1
 0 0 0 0 0 0 0 0 0 0 0 0 0 0 0 0 0 0 0 0 0 0
 0/1
 0 0 0 0 0 0 0 0 0 0 0 0 0 0 0 0 0 0 0 0 0 0
 0/1
 0 0 0 0 0 0 0 0 0 0 0 0 0 0 0 0 0 0 0 0 0 0
 0/1
 5 4 0 5 3 1 1 6 6 0 4 0 1 3 6 2 0 2 6 6 0. 1
-1/33264
 2 4 0 2 3 4 2 3 4 6 5 0 4 3 2 6 2 2 3 1 1 1
-1/10296
 5 1 0 5 0 1 5 0 2 6 3 1 1 6 5 5 4 4 6 2 2 2
-1/5148
V
 0 0 0 0 0 0 0 0 0 0 0 0 0 0 0 0 0 0 0 0 0 0
 0/1
 0 0 0 0 0 0 0 0 0 0 0 0 0 0 0 0 0 0 0 0 0 1
 1
 3 3 3 3 3 3 3 3 3 3 3 3 3 3 3 3 3 3 3 3 1 0
-35/2
 4 4 4 4 4 4 4 4 4 4 4 4 4 4 4 4 4 4 4 6 4 0
 280/3
 6 6 6 6 6 6 6 6 6 6 6 6 6 6 6 6 6 6 6 2 5 0
-210
 0 0 0 0 0 0 0 0 0 0 0 0 0 0 0 0 0 0 0 4 2 0
 210
 6 6 6 6 6 6 6 6 6 6 6 6 6 6 6 6 6 6 6 5 3 0
-77
 0 0 0 0 0 0 0 0 0 0 0 0 0 0 0 0 0 0 0 0 0 0
 0/1
i 7
 0 0 0 0 0 0 0 0 0 0 0 0 0 0 0 0 0 0 0 0 0 0
 0/1
 0 0 0 0 0 0 0 0 0 0 0 0 0 0 0 0 0 0 0 0 0 0
 0/1
 0 0 0 0 0 0 0 0 0 0 0 0 0 0 0 0 0 0 0 0 0 0
 0/1
 0 0 0 0 0 0 0 0 0 0 0 0 0 0 0 0 0 0 0 0 0 0
 0/1
 0 0 0 0 0 0 0 0 0 0 0 0 0 0 0 0 0 0 0 0 0 0
 0/1
 0 0 0 0 0 0 0 0 0 0 0 0 0 0 0 0 0 0 0 0 0 0
 0/1
 5 3 4 5 6 1 5 5 5 1 4 3 1 0 3 3 6 6 2 0 0. 1
 1/12012
 6 1 5 6 3 0 6 2 6 0 5 5 0 3 5 1 6 6 4 3 3 4
 1/3432
V
 0 0 0 0 0 0 0 0 0 0 0 0 0 0 0 0 0 0 0 0 0 1
 1
 6 6 6 6 6 6 6 6 6 6 6 6 6 6 6 6 6 6 6 6 1 0
-42
 0 0 0 0 0 0 0 0 0 0 0 0 0 0 0 0 0 0 1 1 4 0
 420
 6 6 6 6 6 6 6 6 6 6 6 6 6 6 6 6 6 6 2 0 5 0
-1680
 0 0 0 0 0 0 0 0 0 0 0 0 0 0 0 0 0 1 2 1 2 0
 3150
 6 6 6 6 6 6 6 6 6 6 6 6 6 6 6 6 6 5 5 6 3 0
-2772
 0 0 0 0 0 0 0 0 0 0 0 0 0 0 0 0 0 0 2 4 6 0
 924
 0 0 0 0 0 0 0 0 0 0 0 0 0 0 0 0 0 0 0 0 0 0
 0/1
i 8
 0 0 0 0 0 0 0 0 0 0 0 0 0 0 0 0 0 0 0 0 0 0
 0/1
 0 0 0 0 0 0 0 0 0 0 0 0 0 0 0 0 0 0 0 0 0 0
 0/1
 0 0 0 0 0 0 0 0 0 0 0 0 0 0 0 0 0 0 0 0 0 0
 0/1
 0 0 0 0 0 0 0 0 0 0 0 0 0 0 0 0 0 0 0 0 0 0
 0/1
 0 0 0 0 0 0 0 0 0 0 0 0 0 0 0 0 0 0 0 0 0 0
 0/1
 0 0 0 0 0 0 0 0 0 0 0 0 0 0 0 0 0 0 0 0 0 0
 0/1
 0 0 0 0 0 0 0 0 0 0 0 0 0 0 0 0 0 0 0 0 0 0
 0/1
 1 5 6 2 6 4 0 1 2 6 1 3 1 4 6 3 2 3 0 6 1 2
 1/176679360
V
 0 5 1 0 3 6 0 4 0 6 1 1 6 3 1 5 0 0 2 3 3 3
-1/3432
 0 5 2 4 0 2 1 6 6 3 5 4 2 0 1 6 4 1 0 0 4 0
 7/429
 3 4 3 4 6 0 4 4 2 4 4 5 0 3 1 5 3 3 5 6 2 0
-63/286
 1 3 4 2 3 3 2 2 0 5 0 6 5 6 5 4 2 5 6 0 6 0
 175/143
 6 2 2 0 0 6 4 1 1 3 2 3 6 2 2 0 0 6 4 1 1 0
-175/52
 3 5 2 4 5 6 3 1 4 2 1 0 3 5 2 4 5 6 3 1 5 0
 63/13
 3 3 3 3 3 3 3 3 3 3 3 3 3 3 3 3 3 3 3 3 3 0
-7/2
 0 0 0 0 0 0 0 0 0 0 0 0 0 0 0 0 0 0 0 0 0 1
 1

inverse H
i 1
 0 0 0 0 0 0 0 0 0 0 0 0 0 0 0 0 0 0 0 1 2 1
 64
 6 6 6 6 6 6 6 6 6 6 6 6 6 6 6 6 6 6 6 1 0 6 v1
-2016
 0 0 0 0 0 0 0 0 0 0 0 0 0 0 0 0 0 1 1 2 5 3 v1
 20160
 6 6 6 6 6 6 6 6 6 6 6 6 6 6 6 6 6 1 3 3 4 2 v1
-92400
 0 0 0 0 0 0 0 0 0 0 0 0 0 0 0 0 1 6 1 2 3 5 v1
 221760
 6 6 6 6 6 6 6 6 6 6 6 6 6 6 6 6 4 3 5 6 3 4 v1
-288288
 0 0 0 0 0 0 0 0 0 0 0 0 0 0 0 0 1 4 3 0 2 2 v1
 192192
 6 6 6 6 6 6 6 6 6 6 6 6 6 6 6 6 3 6 3 6 2 5
-51480
i 2
 6 6 6 6 6 6 6 6 6 6 6 6 6 6 6 6 6 6 6 1 0 6 v1
-2016
 0 0 0 0 0 0 0 0 0 0 0 0 0 0 0 0 0 0 5 0 1 6 v2
 84672
 6 6 6 6 6 6 6 6 6 6 6 6 6 6 6 6 5 5 6 2 1 6 v2
-952560
 0 0 0 0 0 0 0 0 0 0 0 0 0 0 0 0 5 4 4 0 4 1 v2
 4656960
 6 6 6 6 6 6 6 6 6 6 6 6 6 6 6 4 6 6 0 2 0 1 v2
-11642400
 0 0 0 0 0 0 0 0 0 0 0 0 0 0 2 4 6 2 1 5 3 1 v1
 15567552
 6 6 6 6 6 6 6 6 6 6 6 6 6 6 6 6 5 1 0 6 4 3 v3
-10594584
 0 0 0 0 0 0 0 0 0 0 0 0 0 0 0 3 3 3 3 4 6 2 v1
 2882880
i 3
 0 0 0 0 0 0 0 0 0 0 0 0 0 0 0 0 0 1 1 2 5 3 v1
 20160
 6 6 6 6 6 6 6 6 6 6 6 6 6 6 6 6 5 5 6 2 1 6 v2
-952560
 0 0 0 0 0 0 0 0 0 0 0 0 0 0 0 1 6 6 1 0 5 5 v2
 11430720
 6 6 6 6 6 6 6 6 6 6 6 6 6 6 5 3 6 2 1 3 0 5 v2
-58212000
 0 0 0 0 0 0 0 0 0 0 0 0 0 3 4 6 5 2 2 0 1 1 v1
 149688000
 6 6 6 6 6 6 6 6 6 6 6 6 6 6 1 6 3 6 1 6 2 6 v2
-204324120
 0 0 0 0 0 0 0 0 0 0 0 0 0 0 0 3 3 3 3 4 6 2 v3
 141261120
 6 6 6 6 6 6 6 6 6 6 6 6 6 6 0 1 5 1 2 3 6 1 v1
-38918880
i 4
 6 6 6 6 6 6 6 6 6 6 6 6 6 6 6 6 6 1 3 3 4 2 v1
-92400
 0 0 0 0 0 0 0 0 0 0 0 0 0 0 0 0 5 4 4 0 4 1 v2
 4656960
 6 6 6 6 6 6 6 6 6 6 6 6 6 6 5 3 6 2 1 3 0 5 v2
-58212000
 0 0 0 0 0 0 0 0 0 0 0 0 1 0 3 6 1 5 3 0 4 1 v1
 304920000
 6 6 6 6 6 6 6 6 6 6 6 6 6 4 1 1 1 0 4 0 4 4 v2
-800415000
 0 0 0 0 0 0 0 0 0 0 0 0 0 3 6 3 3 5 0 3 2 5 v2
 1109908800
 6 6 6 6 6 6 6 6 6 6 6 6 6 6 4 1 5 1 4 1 0 3 v3
-776936160
 0 0 0 0 0 0 0 0 0 0 0 0 0 5 2 3 3 5 4 3 2 3 v1
 216216000
i 5
 0 0 0 0 0 0 0 0 0 0 0 0 0 0 0 0 1 6 1 2 3 5 v1
 221760
 6 6 6 6 6 6 6 6 6 6 6 6 6 6 6 4 6 6 0 2 0 1 v2
-11642400
 0 0 0 0 0 0 0 0 0 0 0 0 0 3 4 6 5 2 2 0 1 1 v1
 149688000
 6 6 6 6 6 6 6 6 6 6 6 6 6 4 1 1 1 0 4 0 4 4 v2
-800415000
 0 0 0 0 0 0 0 0 0 0 0 0 1 0 3 6 1 5 3 0 4 1 v2
 2134440000
 6 6 6 6 6 6 6 6 6 6 6 6 5 3 2 5 1 1 0 0 4 4 v2
-2996753760
 0 0 0 0 0 0 0 0 0 0 0 0 0 1 0 3 3 3 6 3 3 2 v3
 2118916800
 6 6 6 6 6 6 6 6 6 6 6 6 4 6 1 6 0 0 1 4 5 4 v1
-594594000
i 6
 6 6 6 6 6 6 6 6 6 6 6 6 6 6 6 6 4 3 5 6 3 4 v1
-288288
 0 0 0 0 0 0 0 0 0 0 0 0 0 0 2 4 6 2 1 5 3 1 v1
 15567552
 6 6 6 6 6 6 6 6 6 6 6 6 6 6 1 6 3 6 1 6 2 6 v2
-204324120
 0 0 0 0 0 0 0 0 0 0 0 0 0 3 6 3 3 5 0 3 2 5 v2
 1109908800
 6 6 6 6 6 6 6 6 6 6 6 6 5 3 2 5 1 1 0 0 4 4 v2
-2996753760
 0 0 0 0 0 0 0 0 0 0 0 0 2 1 0 2 1 3 6 2 3 4 v2
 4249941696
 6 6 6 6 6 6 6 6 6 6 6 6 6 5 3 1 6 2 4 6 6 4 v3
-3030051024
 0 0 0 0 0 0 0 0 0 0 0 0 3 0 1 3 4 4 6 5 4 6 v1
 856215360
i 7
 0 0 0 0 0 0 0 0 0 0 0 0 0 0 0 0 1 4 3 0 2 2 v1
 192192
 6 6 6 6 6 6 6 6 6 6 6 6 6 6 6 6 5 1 0 6 4 3 v3
-10594584
 0 0 0 0 0 0 0 0 0 0 0 0 0 0 0 3 3 3 3 4 6 2 v3
 141261120
 6 6 6 6 6 6 6 6 6 6 6 6 6 6 4 1 5 1 4 1 0 3 v3
-776936160
 0 0 0 0 0 0 0 0 0 0 0 0 0 1 0 3 3 3 6 3 3 2 v3
 2118916800
 6 6 6 6 6 6 6 6 6 6 6 6 6 5 3 1 6 2 4 6 6 4 v3
-3030051024
 0 0 0 0 0 0 0 0 0 0 0 0 0 0 1 0 4 6 2 3 5 3 v4
 2175421248
 6 6 6 6 6 6 6 6 6 6 6 6 4 5 4 5 0 6 0 6 2 5 v1
-618377760
i 8
 6 6 6 6 6 6 6 6 6 6 6 6 6 6 6 6 3 6 3 6 2 5
-51480
 0 0 0 0 0 0 0 0 0 0 0 0 0 0 0 3 3 3 3 4 6 2 v1
 2882880
 6 6 6 6 6 6 6 6 6 6 6 6 6 6 0 1 5 1 2 3 6 1 v1
-38918880
 0 0 0 0 0 0 0 0 0 0 0 0 0 5 2 3 3 5 4 3 2 3 v1
 216216000
 6 6 6 6 6 6 6 6 6 6 6 6 4 6 1 6 0 0 1 4 5 4 v1
-594594000
 0 0 0 0 0 0 0 0 0 0 0 0 3 0 1 3 4 4 6 5 4 6 v1
 856215360
 6 6 6 6 6 6 6 6 6 6 6 6 4 5 4 5 0 6 0 6 2 5 v1
-618377760
 0 0 0 0 0 0 0 0 0 0 0 0 4 2 4 3 5 1 5 1 1 4
 176679360

error check
t 1
t 2
t 3
t 4
t 5
t 6
t 7
t 8

p-adic inversion goes well but rational approximation

fails for inverse Hilbert matrix of order > 8


timer: 0.0824587s
