
 1/1 + O(3^32)
 w  2 1 v1
 w  0 2 1 v1
 w  0 0 0 2 1 v1
 w  1 1 0 2 0 0 0 2 1 v1
 w  0 2 0 1 2 2 1 1 1 1 0 2 0 0 0 2 1 v1
 w  1 1 1 1 1 2 2 0 2 1 0 0 2 2 1 0 2 0 1 2 2 1 1 1 1 0 2 0 0 0 2 1 v1
omega
 1 1 1 1 1 2 2 0 2 1 0 0 2 2 1 0 2 0 1 2 2 1 1 1 1 0 2 0 0 0 2 1 v1
w * exp_p(w)
 0 0 0 0 0 0 0 0 0 0 0 0 0 0 0 0 0 0 0 0 0 0 0 0 0 0 0 0 0 0 0 1 v1
 3


 1/1 + O(2^32)
 w  0 1 v2
 w  1 0 1 v2
 w  1 0 1 0 1 v2
 w  0 1 1 1 1 0 1 0 1 v2
 w  1 1 1 0 0 1 0 1 0 1 1 1 1 0 1 0 1 v2
 w  0 1 1 0 1 1 1 0 1 1 0 1 1 0 0 1 1 1 0 0 1 0 1 0 1 1 1 1 0 1 0 1 v2
omega
 0 1 1 0 1 1 1 0 1 1 0 1 1 0 0 1 1 1 0 0 1 0 1 0 1 1 1 1 0 1 0 1 v2
w * exp_p(w)
 0 0 0 0 0 0 0 0 0 0 0 0 0 0 0 0 0 0 0 0 0 0 0 0 0 0 0 0 0 0 0 1 v2
 4


 1/1 + O(5^16)
 w  4 1 v1
 w  3 4 1 v1
 w  1 1 3 4 1 v1
 w  1 0 1 1 1 1 3 4 1 v1
 w  2 1 1 0 3 3 4 1 0 1 1 1 1 3 4 1 v1
omega
 2 1 1 0 3 3 4 1 0 1 1 1 1 3 4 1 v1
w * exp_p(w)
 0 0 0 0 0 0 0 0 0 0 0 0 0 0 0 1 v1
 5


 1/1 + O(37^12)
 w  36 1 v1
 w  19 36 1 v1
 w  22 3 19 36 1 v1
 w  35 11 18 2 22 3 19 36 1 v1
 w  29 27 27 35 11 18 2 22 3 19 36 1 v1
omega
 29 27 27 35 11 18 2 22 3 19 36 1 v1
w * exp_p(w)
 0 0 0 0 0 0 0 0 0 0 0 1 v1
 37


 1/1 + O(101^8)
 w  100 1 v1
 w  51 100 1 v1
 w  17 81 51 100 1 v1
 w  40 34 32 17 81 51 100 1 v1
omega
 40 34 32 17 81 51 100 1 v1
w * exp_p(w)
 0 0 0 0 0 0 0 1 v1
 101


 1/1 + O(32749^4)
 w  32748 1 v1
 w  16375 32748 1 v1
 w  5455 16375 32748 1 v1
omega
 5455 16375 32748 1 v1
w * exp_p(w)
 0 0 0 1 v1
 32749


timer: 0.0063375s
