
primitive (p-1)th roots of unity
 1/2 + O(3^20)
 1 1 1 1 1 1 1 1 1 1 1 1 1 1 1 1 1 1 1 2
sqrt: non-residue mod


Teichmüller character
 2 2 2 2 2 2 2 2 2 2 2 2 2 2 2 2 2 2 2 2

cycle
 2: 0 0 0 0 0 0 0 0 0 0 0 0 0 0 0 0 0 0 0 1


 2/3 + O(7^20)
 2 2 2 2 2 2 2 2 2 2 2 2 2 2 2 2 2 2 2 3
sqrt: non-residue mod

d0 3
 r  4 3
 r  6 4 3
 r  0 3 6 4 3
 r  4 2 6 2 0 3 6 4 3
 r  1 2 1 2 5 4 4 3 4 2 6 2 0 3 6 4 3
 r  1 6 4 1 2 1 2 5 4 4 3 4 2 6 2 0 3 6 4 3

Teichmüller character
 1 6 4 1 2 1 2 5 4 4 3 4 2 6 2 0 3 6 4 3

cycle
 2: 1 6 4 1 2 1 2 5 4 4 3 4 2 6 2 0 3 6 4 2
 3: 6 6 6 6 6 6 6 6 6 6 6 6 6 6 6 6 6 6 6 6
 4: 5 0 2 5 4 5 4 1 2 2 3 2 4 0 4 6 3 0 2 4
 5: 5 0 2 5 4 5 4 1 2 2 3 2 4 0 4 6 3 0 2 5
 6: 0 0 0 0 0 0 0 0 0 0 0 0 0 0 0 0 0 0 0 1


 2/5 + O(23^16)
 13 18 9 4 13 18 9 4 13 18 9 4 13 18 9 5
sqrt: non-residue mod

d0 5
 r  1 5
 r  2 1 5
 r  8 19 2 1 5
 r  7 19 9 2 8 19 2 1 5
 r  1 2 6 3 5 9 7 7 19 9 2 8 19 2 1 5

Teichmüller character
 1 2 6 3 5 9 7 7 19 9 2 8 19 2 1 5

cycle
 2: 10 13 17 22 10 13 18 8 12 9 2 15 10 21 11 2
 3: 4 8 3 15 2 22 5 20 17 15 22 12 21 7 11 10
 4: 13 21 22 0 17 8 22 1 22 16 8 7 4 22 21 4
 5: 0 0 10 15 21 4 10 7 15 1 4 15 5 5 17 20
 6: 21 8 13 13 10 15 4 3 3 11 19 17 10 17 17 8
 7: 15 12 14 19 13 1 2 21 2 15 8 21 5 7 2 17
 8: 16 22 7 22 9 20 9 11 3 7 14 14 17 3 7 16
 9: 17 10 19 21 12 1 4 10 22 19 3 3 17 10 8 11
 10: 21 13 16 16 6 2 22 20 12 15 19 7 1 13 7 9
 11: 22 22 22 22 22 22 22 22 22 22 22 22 22 22 22 22
 12: 21 20 16 19 17 13 15 15 3 13 20 14 3 20 21 18
 13: 12 9 5 0 12 9 4 14 10 13 20 7 12 1 11 21
 14: 18 14 19 7 20 0 17 2 5 7 0 10 1 15 11 13
 15: 9 1 0 22 5 14 0 21 0 6 14 15 18 0 1 19
 16: 22 22 12 7 1 18 12 15 7 21 18 7 17 17 5 3
 17: 1 14 9 9 12 7 18 19 19 11 3 5 12 5 5 15
 18: 7 10 8 3 9 21 20 1 20 7 14 1 17 15 20 6
 19: 6 0 15 0 13 2 13 11 19 15 8 8 5 19 15 7
 20: 5 12 3 1 10 21 18 12 0 3 19 19 5 12 14 12
 21: 1 9 6 6 16 20 0 2 10 7 3 15 21 9 15 14
 22: 0 0 0 0 0 0 0 0 0 0 0 0 0 0 0 1


X.Caruso p.22
 421/205 + O(2^20)
 1 1 1 1 0 0 1 0 0 1 0 0 0 0 1 1 1 0 0 1
d0 1
 r  0 1
 r  1 0 1
 r  1 0 1 0 1
 r  0 0 1 0 1 0 1 0 1
 r  1 0 1 1 1 0 1 0 0 0 1 0 1 0 1 0 1
 r  0 1 0 1 0 1 1 1 0 1 0 0 0 1 0 1 0 1 0 1

sqrt(a)
 0 1 0 1 0 1 1 1 0 1 0 0 0 1 0 1 0 1 0 1

sqrt(a) ^ 2
 1 1 1 1 0 0 1 0 0 1 0 0 0 0 1 1 1 0 0 1
 421/205



 17/1 + O(2^20)
 0 0 0 0 0 0 0 0 0 0 0 0 0 0 0 1 0 0 0 1
d0 1
 r  0 1
 r  0 0 1
 r  0 1 0 0 1
 r  0 1 1 1 0 1 0 0 1
 r  1 0 0 1 0 0 1 1 0 1 1 1 0 1 0 0 1
 r  0 0 1 1 0 0 1 0 0 1 1 0 1 1 1 0 1 0 0 1

sqrt(a)
 0 0 1 1 0 0 1 0 0 1 1 0 1 1 1 0 1 0 0 1

sqrt(a) ^ 2
 0 0 0 0 0 0 0 0 0 0 0 0 0 0 0 1 0 0 0 1
 17



-3/5 + O(2^20)
 1 0 0 1 1 0 0 1 1 0 0 1 1 0 0 1 1 0 0 1
d0 1
 r  0 1
 r  1 0 1
 r  0 0 1 0 1
 r  1 1 1 0 0 0 1 0 1
 r  0 0 0 0 0 1 1 0 1 1 1 0 0 0 1 0 1
 r  0 1 1 0 0 0 0 0 1 1 0 1 1 1 0 0 0 1 0 1

sqrt(a)
 0 1 1 0 0 0 0 0 1 1 0 1 1 1 0 0 0 1 0 1

sqrt(a) ^ 2
 1 0 0 1 1 0 0 1 1 0 0 1 1 0 0 1 1 0 0 1
-3/5



-7/1 + O(2^20)
 1 1 1 1 1 1 1 1 1 1 1 1 1 1 1 1 1 0 0 1
d0 1
 r  0 1
 r  1 0 1
 r  1 0 1 0 1
 r  0 1 0 1 1 0 1 0 1
 r  0 1 1 0 0 0 0 0 0 1 0 1 1 0 1 0 1
 r  1 0 0 0 1 1 0 0 0 0 0 0 1 0 1 1 0 1 0 1

sqrt(a)
 1 0 0 0 1 1 0 0 0 0 0 0 1 0 1 1 0 1 0 1

sqrt(a) ^ 2
 1 1 1 1 1 1 1 1 1 1 1 1 1 1 1 1 1 0 0 1
-7



 9/1024 + O(2^20)
 0 0 0 0 0 0 0 0 0 0. 0 0 0 0 0 0 1 0 0 1
d0 1
 r  0 1
 r  1 0 1
 r  1 1 1 0 1
 r  1 1 1 1 1 1 1 0 1
 r  1 1 1 1 1 1 1 1 1 1 1 1 1 1 1 0 1
 r  1 1 1 1 1 1 1 1 1 1 1 1 1 1 1 1 1 1 0 1

sqrt(a)
 1 1 1 1 1 1 1 1 1 1 1 1 1 1 1. 1 1 1 0 1

sqrt(a) ^ 2
 0 0 0 0 0 0 0 0 0 0. 0 0 0 0 0 0 1 0 0 1
 9/1024



 48/35 + O(2^20)
 1 0 1 0 0 0 0 0 1 1 1 0 1 0 1 0 0 0 0 1 v4
d0 1
 r  0 1
 r  0 0 1
 r  1 0 0 0 1
 r  0 1 1 0 1 0 0 0 1
 r  0 0 0 0 1 0 0 1 0 1 1 0 1 0 0 0 1
 r  0 1 0 0 0 0 0 1 0 0 1 0 1 1 0 1 0 0 0 1

sqrt(a)
 0 1 0 0 0 0 0 1 0 0 1 0 1 1 0 1 0 0 0 1 v2

sqrt(a) ^ 2
 1 0 1 0 0 0 0 0 1 1 1 0 1 0 1 0 0 0 0 1 v4
 48/35



 25/4 + O(3^20)
 2 0 2 0 2 0 2 0 2 0 2 0 2 0 2 0 2 1 1 1
d0 1
 r  2 1
 r  1 2 1
 r  1 1 1 2 1
 r  1 1 1 1 1 1 1 2 1
 r  1 1 1 1 1 1 1 1 1 1 1 1 1 1 1 2 1
 r  1 1 1 1 1 1 1 1 1 1 1 1 1 1 1 1 1 1 2 1

sqrt(a)
 1 1 1 1 1 1 1 1 1 1 1 1 1 1 1 1 1 1 2 1

sqrt(a) ^ 2
 2 0 2 0 2 0 2 0 2 0 2 0 2 0 2 0 2 1 1 1
 25/4



 25/7371 + O(3^20)
 2 0 2 0 1 1 2 0 2 0 1 1 2 0 2 0. 1 1 2 1
d0 1
 r  1 1
 r  0 1 1
 r  2 2 0 1 1
 r  1 0 2 2 2 2 0 1 1
 r  1 0 0 0 2 0 1 2 1 0 2 2 2 2 0 1 1
 r  2 2 2 1 0 0 0 2 0 1 2 1 0 2 2 2 2 0 1 1

sqrt(a)
 2 2 2 1 0 0 0 2 0 1 2 1 0 2 2 2 2 0. 1 1

sqrt(a) ^ 2
 2 0 2 0 1 1 2 0 2 0 1 1 2 0 2 0. 1 1 2 1
 25/7371



 162/35 + O(3^20)
 1 0 1 0 0 0 2 0 2 2 1 1 1 0 1 0 0 0 2 1 v4
d0 1
 r  1 1
 r  1 1 1
 r  2 0 1 1 1
 r  2 0 2 2 2 0 1 1 1
 r  1 2 0 1 2 0 1 1 2 0 2 2 2 0 1 1 1
 r  1 2 1 1 2 0 1 2 0 1 1 2 0 2 2 2 0 1 1 1

sqrt(a)
 1 2 1 1 2 0 1 2 0 1 1 2 0 2 2 2 0 1 1 1 v2

sqrt(a) ^ 2
 1 0 1 0 0 0 2 0 2 2 1 1 1 0 1 0 0 0 2 1 v4
 162/35



-1/1 + O(5^16)
 4 4 4 4 4 4 4 4 4 4 4 4 4 4 4 4
d0 2
 r  1 2
 r  2 1 2
 r  3 1 2 1 2
 r  0 3 2 4 3 1 2 1 2
 r  3 1 4 0 2 2 3 0 3 2 4 3 1 2 1 2

sqrt(a)
 3 1 4 0 2 2 3 0 3 2 4 3 1 2 1 2

sqrt(a) ^ 2
 4 4 4 4 4 4 4 4 4 4 4 4 4 4 4 4
-1


Teichmüller character
 4 4 4 4 4 4 4 4 4 4 4 4 4 4 4 4

cycle
 2: 0 0 0 0 0 0 0 0 0 0 0 0 0 0 0 1


-100/1 + O(5^16)
 4 4 4 4 4 4 4 4 4 4 4 4 4 4 4 1 v2
d0 1
 r  2 1
 r  0 2 1
 r  3 2 0 2 1
 r  3 2 4 0 3 2 0 2 1
 r  3 1 1 3 4 4 3 3 2 4 0 3 2 0 2 1

sqrt(a)
 3 1 1 3 4 4 3 3 2 4 0 3 2 0 2 1 v1

sqrt(a) ^ 2
 4 4 4 4 4 4 4 4 4 4 4 4 4 4 4 1 v2
-100



 86/25 + O(5^16)
 0 0 0 0 0 0 0 0 0 0 0 0 0 3. 2 1
d0 1
 r  1 1
 r  1 1 1
 r  2 4 1 1 1
 r  1 1 1 0 2 4 1 1 1
 r  1 3 0 1 0 4 0 1 1 1 0 2 4 1 1 1

sqrt(a)
 1 3 0 1 0 4 0 1 1 1 0 2 4 1 1. 1

sqrt(a) ^ 2
 0 0 0 0 0 0 0 0 0 0 0 0 0 3. 2 1
 86/25



 2/1 + O(7^12)
 0 0 0 0 0 0 0 0 0 0 0 2
d0 3
 r  1 3
 r  2 1 3
 r  1 6 2 1 3
 r  4 2 1 2 1 6 2 1 3
 r  2 6 6 4 2 1 2 1 6 2 1 3

sqrt(a)
 2 6 6 4 2 1 2 1 6 2 1 3

sqrt(a) ^ 2
 0 0 0 0 0 0 0 0 0 0 0 2
 2

d0 2
 r  4 2
 r  6 4 2
 r  0 3 6 4 2
 r  4 2 6 2 0 3 6 4 2
 r  4 4 3 4 2 6 2 0 3 6 4 2

Teichmüller character
 4 4 3 4 2 6 2 0 3 6 4 2

cycle
 2: 2 2 3 2 4 0 4 6 3 0 2 4
 3: 0 0 0 0 0 0 0 0 0 0 0 1


 909/588245 + O(7^12)
 1 2 5 4 1 2. 5 4 1 6 3 4
d0 2
 r  6 2
 r  4 6 2
 r  0 4 4 6 2
 r  3 1 5 3 0 4 4 6 2
 r  1 2 3 3 1 5 3 0 4 4 6 2

sqrt(a)
 1 2 3 3 1 5 3 0 4. 4 6 2

sqrt(a) ^ 2
 1 2 5 4 1 2. 5 4 1 6 3 4
 909/588245

d0 4
 r  2 4
 r  0 2 4
 r  6 3 0 2 4
 r  2 4 0 4 6 3 0 2 4
 r  2 2 3 2 4 0 4 6 3 0 2 4

Teichmüller character
 2 2 3 2 4 0 4 6 3 0 2 4

cycle
 2: 4 4 3 4 2 6 2 0 3 6 4 2
 3: 0 0 0 0 0 0 0 0 0 0 0 1


 2059/2401 + O(7^12)
 0 0 0 0 0 0 0 0. 6 0 0 1
d0 1
 r  0 1
 r  0 0 1
 r  0 3 0 0 1
 r  3 2 6 0 0 3 0 0 1
 r  0 1 6 3 2 6 0 0 3 0 0 1

sqrt(a)
 0 1 6 3 2 6 0 0 3 0. 0 1

sqrt(a) ^ 2
 0 0 0 0 0 0 0 0. 6 0 0 1
 2059/2401



-5239/2645 + O(13^16)
 8 3 5 3 8 1 2 2 8 12 4 7 4 8 5 10 v2
d0 6
 r  10 6
 r  10 10 6
 r  6 5 10 10 6
 r  6 2 1 4 6 5 10 10 6
 r  11 2 6 9 10 7 12 6 2 1 4 6 5 10 10 6

sqrt(a)
 11 2 6 9 10 7 12 6 2 1 4 6 5 10 10 6 v1

sqrt(a) ^ 2
 8 3 5 3 8 1 2 2 8 12 4 7 4 8 5 10 v2
-5239/2645

d0 10
 r  1 10
 r  6 1 10
 r  5 3 6 1 10
 r  4 8 8 10 5 3 6 1 10
 r  8 6 2 10 7 11 4 4 8 8 10 5 3 6 1 10

Teichmüller character
 8 6 2 10 7 11 4 4 8 8 10 5 3 6 1 10

cycle
 2: 8 6 2 10 7 11 4 4 8 8 10 5 3 6 1 9
 3: 12 12 12 12 12 12 12 12 12 12 12 12 12 12 12 12
 4: 4 6 10 2 5 1 8 8 4 4 2 7 9 6 11 3
 5: 4 6 10 2 5 1 8 8 4 4 2 7 9 6 11 4
 6: 0 0 0 0 0 0 0 0 0 0 0 0 0 0 0 1


-1/1 + O(101^8)
 100 100 100 100 100 100 100 100
d0 10
 r  5 10
 r  29 5 10
 r  10 66 29 5 10
 r  29 44 30 10 66 29 5 10

sqrt(a)
 29 44 30 10 66 29 5 10

sqrt(a) ^ 2
 100 100 100 100 100 100 100 100
-1


Teichmüller character
 100 100 100 100 100 100 100 100


 2/3 + O(101^8)
 33 67 33 67 33 67 33 68
d0 13
 r  9 13
 r  46 9 13
 r  75 35 46 9 13
 r  34 45 84 75 35 46 9 13

sqrt(a)
 34 45 84 75 35 46 9 13

sqrt(a) ^ 2
 33 67 33 67 33 67 33 68
 2/3

d0 68
 r  4 68
 r  71 4 68
 r  55 83 71 4 68
 r  48 67 34 55 83 71 4 68

Teichmüller character
 48 67 34 55 83 71 4 68


 2/1 + O(101^8)
 0 0 0 0 0 0 0 2
sqrt: non-residue mod

d0 2
 r  83 2
 r  18 83 2
 r  62 69 18 83 2
 r  65 73 100 62 69 18 83 2

Teichmüller character
 65 73 100 62 69 18 83 2


timer: 0.0120887s
