
 23/11 + O(2^20)
 1 1 1 0 1 0 0 0 1 0 1 1 1 0 1 0 0 1 0 1
 12/13 + O(2^20)
 0 1 0 0 1 1 1 0 1 1 0 0 0 1 0 0 1 1 1 1 v2

a^b
 0 1 1 1 1 1 0 1 0 1 0 1 0 0 0 1 0 0 0 1
-805/811


 45/11 + O(2^20)
 1 1 1 0 1 0 0 0 1 0 1 1 1 0 1 0 0 1 1 1
-14/15 + O(2^20)
 0 1 1 1 0 1 1 1 0 1 1 1 0 1 1 1 0 1 1 1 v1

a^b
 1 0 0 0 1 1 1 0 0 1 1 0 1 0 0 1 0 0 0 1
-121/151



 9/5 + O(3^20)
 2 1 0 1 2 1 0 1 2 1 0 1 2 1 0 1 2 1 0 2 v2
 27/7 + O(3^20)
 1 0 2 1 2 0 1 0 2 1 2 0 1 0 2 1 2 0 1 1 v3

a shifted
 2 1 0 1 2 1 0 1 2 1 0 1 2 1 0 1 2 1 0 2
 1/5

twist

w(a)
 2 2 2 2 2 2 2 2 2 2 2 2 2 2 2 2 2 2 2 2

{a}
 0 1 2 1 0 1 2 1 0 1 2 1 0 1 2 1 0 1 2 1
-1/5

{a}^b
 2 1 0 0 0 2 0 2 2 1 2 2 0 2 0 2 0 0 0 1
 392/1769

b0 1, w(a)^b0
 2 2 2 2 2 2 2 2 2 2 2 2 2 2 2 2 2 2 2 2

u = w(a)^b0 * {a}^b
 0 1 2 2 2 0 2 0 0 1 0 0 2 0 2 0 2 2 2 2


w(u) = w(a)^b0
 2 2 2 2 2 2 2 2 2 2 2 2 2 2 2 2 2 2 2 2

{u} = {a}^b
 2 1 0 0 0 2 0 2 2 1 2 2 0 2 0 2 0 0 0 1
 392/1769

1 / b
 0 0 0 0 0 0 0 0 0 0 0 0 0 0 0 0 0. 0 2 1
 7/27

{u}^1/b = {a}
 1 1 2 0 0 1 2 1 0 1 2 1 0 1 2 1 0 1 2 1
-1/5

a = w(a) * {a}
 1 1 0 2 2 1 0 1 2 1 0 1 2 1 0 1 2 1 0 2 v2
 9/5


 2058/5 + O(7^15)
 4 1 2 5 4 1 2 5 4 1 2 5 4 1 4 v3
 2695/3 + O(7^15)
 4 4 4 4 4 4 4 4 4 4 4 4 5 0 2 v2

a shifted
 4 1 2 5 4 1 2 5 4 1 2 5 4 1 4
 6/5

twist

w(a)
 5 4 1 2 2 3 2 4 0 4 6 3 0 2 4

{a}
 0 1 6 5 4 0 1 0 4 5 2 0 3 5 1
-1828009/2009265

{a}^b
 5 2 3 6 2 3 4 5 3 3 3 3 0 0 1
-50395/1130554

b0 2, w(a)^b0
 1 2 5 4 4 3 4 2 6 2 0 3 6 4 2

u = w(a)^b0 * {a}^b
 1 1 0 5 5 0 3 3 0 5 5 2 6 4 2


w(u) = w(a)^b0
 1 2 5 4 4 3 4 2 6 2 0 3 6 4 2

{u} = {a}^b
 5 2 3 6 2 3 4 5 3 3 3 3 0 0 1
-50395/1130554

1 / b
 1 5 3 2 1 1 0 0 6 1 4 4 0. 3 4
 3/2695

{u}^1/b = {a}
 4 1 6 5 4 0 1 0 4 5 2 0 3 5 1
 1592117/476121

a = w(a) * {a}
 6 1 2 5 4 1 2 5 4 1 2 5 4 1 4 v3
 2058/5


 254/3 + O(127^9)
 42 42 42 42 42 42 42 42 43 v1
 381/2 + O(127^9)
 63 63 63 63 63 63 63 63 65 v1

a shifted
 42 42 42 42 42 42 42 42 43
 2/3

twist

w(a)
 124 52 107 27 58 58 78 14 43

{a}
 27 109 25 46 77 72 59 42 1
 1334267525/2351553146

{a}^b
 97 112 113 108 103 99 63 0 1
-1869503543/2283246216

b0 65, w(a)^b0
 105 84 5 113 74 12 71 51 56

u = w(a)^b0 * {a}^b
 94 106 10 16 66 34 43 51 56


w(u) = w(a)^b0
 105 84 5 113 74 12 71 51 56

{u} = {a}^b
 97 112 113 108 103 99 63 0 1
-1869503543/2283246216

1 / b
 42 42 42 42 42 42 42 42. 43
 2/381

{u}^1/b = {a}
 3 109 25 46 77 72 59 42 1
 1103108464/1994872365

a = w(a) * {a}
 26 42 42 42 42 42 42 42 43 v1
 254/3


interpolation with a twist
 47/1 + O(5^15)
 0 0 0 0 0 0 0 0 0 0 0 0 1 4 2
 1/7 + O(5^15)
 0 3 2 4 1 2 0 3 2 4 1 2 0 3 3

twist

w(a)
 1 4 0 2 2 3 0 3 2 4 3 1 2 1 2

{a}
 4 2 1 1 1 2 1 1 2 1 0 1 2 4 1
-19717/22173

{a}^b
 3 3 3 3 1 4 4 4 1 1 2 4 3 2 1
-117/25628

b0 3, w(a)^b0
 3 0 4 2 2 1 4 1 2 0 1 3 2 3 3

u = w(a)^b0 * {a}^b
 4 4 0 4 3 1 0 3 4 0 2 1 3 4 3


w(u) = w(a)^b0
 3 0 4 2 2 1 4 1 2 0 1 3 2 3 3

{u} = {a}^b
 3 3 3 3 1 4 4 4 1 1 2 4 3 2 1
-117/25628

1 / b
 0 0 0 0 0 0 0 0 0 0 0 0 0 1 2
 7/1

{u}^1/b = {a}
 4 2 1 1 1 2 1 1 2 1 0 1 2 4 1
-19717/22173

a = w(a) * {a}
 0 0 0 0 0 0 0 0 0 0 0 0 1 4 2
 47/1


 47/1 + O(5^15)
 0 0 0 0 0 0 0 0 0 0 0 0 1 4 2
 44643/1 + O(5^15)
 0 0 0 0 0 0 0 0 2 4 1 2 0 3 3

twist

w(a)
 1 4 0 2 2 3 0 3 2 4 3 1 2 1 2

{a}
 4 2 1 1 1 2 1 1 2 1 0 1 2 4 1
-19717/22173

{a}^b
 2 1 1 1 4 1 2 4 1 1 2 4 3 2 1
 190511/51

b0 3, w(a)^b0
 3 0 4 2 2 1 4 1 2 0 1 3 2 3 3

u = w(a)^b0 * {a}^b
 2 0 1 4 0 4 4 3 4 0 2 1 3 4 3


w(u) = w(a)^b0
 3 0 4 2 2 1 4 1 2 0 1 3 2 3 3

{u} = {a}^b
 2 1 1 1 4 1 2 4 1 1 2 4 3 2 1
 190511/51

1 / b
 1 4 4 4 4 3 4 2 0 0 0 0 0 1 2
 1/44643

{u}^1/b = {a}
 4 2 1 1 1 2 1 1 2 1 0 1 2 4 1
-19717/22173

a = w(a) * {a}
 0 0 0 0 0 0 0 0 0 0 0 0 1 4 2
 47/1


 47/1 + O(5^15)
 0 0 0 0 0 0 0 0 0 0 0 0 1 4 2
-44637/41 + O(5^15)
 1 4 0 3 3 1 2 1 2 4 1 2 0 3 3

twist

w(a)
 1 4 0 2 2 3 0 3 2 4 3 1 2 1 2

{a}
 4 2 1 1 1 2 1 1 2 1 0 1 2 4 1
-19717/22173

{a}^b
 0 4 1 2 0 2 1 4 1 1 2 4 3 2 1
-13618/1487

b0 3, w(a)^b0
 3 0 4 2 2 1 4 1 2 0 1 3 2 3 3

u = w(a)^b0 * {a}^b
 1 4 1 1 4 4 1 3 4 0 2 1 3 4 3


w(u) = w(a)^b0
 3 0 4 2 2 1 4 1 2 0 1 3 2 3 3

{u} = {a}^b
 0 4 1 2 0 2 1 4 1 1 2 4 3 2 1
-13618/1487

1 / b
 2 1 4 0 3 3 1 3 0 0 0 0 0 1 2
-41/44637

{u}^1/b = {a}
 4 2 1 1 1 2 1 1 2 1 0 1 2 4 1
-19717/22173

a = w(a) * {a}
 0 0 0 0 0 0 0 0 0 0 0 0 1 4 2
 47/1


 25/1 + O(127^9)
 0 0 0 0 0 0 0 0 25
 1/7 + O(127^9)
 108 108 108 108 108 108 108 108 109

twist

w(a)
 77 114 8 56 13 107 112 12 25

{a}
 36 40 72 99 75 39 52 30 1
-47044726/1726474333

{a}^b
 42 94 46 54 118 112 19 95 1
-1021610051/871432010

b0 109, w(a)^b0
 29 73 126 13 1 4 97 92 100

u = w(a)^b0 * {a}^b
 7 48 71 64 119 27 17 67 100


w(u) = w(a)^b0
 29 73 126 13 1 4 97 92 100

{u} = {a}^b
 42 94 46 54 118 112 19 95 1
-1021610051/871432010

1 / b
 0 0 0 0 0 0 0 0 7
 7/1

{u}^1/b = {a}
 36 40 72 99 75 39 52 30 1
-47044726/1726474333

a = w(a) * {a}
 0 0 0 0 0 0 0 0 25
 25/1


 25/1 + O(127^9)
 0 0 0 0 0 0 0 0 25
 1755757/1 + O(127^9)
 0 0 0 0 0 0 108 108 109

twist

w(a)
 77 114 8 56 13 107 112 12 25

{a}
 36 40 72 99 75 39 52 30 1
-47044726/1726474333

{a}^b
 19 95 80 70 53 112 19 95 1
-2085190339/309157425

b0 109, w(a)^b0
 29 73 126 13 1 4 97 92 100

u = w(a)^b0 * {a}^b
 115 112 0 78 96 27 17 67 100


w(u) = w(a)^b0
 29 73 126 13 1 4 97 92 100

{u} = {a}^b
 19 95 80 70 53 112 19 95 1
-2085190339/309157425

1 / b
 0 1 124 126 126 85 0 0 7
 1/1755757

{u}^1/b = {a}
 36 40 72 99 75 39 52 30 1
-47044726/1726474333

a = w(a) * {a}
 0 0 0 0 0 0 0 0 25
 25/1


timer: 0.0093093s
