
-1/1 + O(2^20)
 1 1 1 1 1 1 1 1 1 1 1 1 1 1 1 1 1 1 1 1
 2/1 + O(2^20)
 0 0 0 0 0 0 0 0 0 0 0 0 0 0 0 0 0 0 0 1 v1

d(a, b)
 1 1 1 1 1 1 1 1 1 1 1 1 1 1 1 1 1 1 0 1
-3
|.|_p = 1

a ^ b
 0 0 0 0 0 0 0 0 0 0 0 0 0 0 0 0 0 0 0 1
 1

exp(log(a) * b)
 0 0 0 0 0 0 0 0 0 0 0 0 0 0 0 0 0 0 0 1
 1

1 / b
 0 0 0 0 0 0 0 0 0 0 0 0 0 0 0 0 0 0 0. 1
 1/2

(a ^ b) ^ 1/b
 0 0 0 0 0 0 0 0 0 0 0 0 0 0 0 0 0 0 0 1
 1

log(a)
 0 0 0 0 0 0 0 0 0 0 0 0 0 0 0 0 0 0 0 0

exp(log(a))
 0 0 0 0 0 0 0 0 0 0 0 0 0 0 0 0 0 0 0 1
 1


 25/9 + O(2^20)
 1 0 0 0 1 1 1 0 0 0 1 1 1 0 0 1 0 0 0 1
 1/2 + O(2^20)
 0 0 0 0 0 0 0 0 0 0 0 0 0 0 0 0 0 0 0. 1

d(a, b)
 0 0 0 1 1 1 0 0 0 1 1 1 0 0 1 0 0 0 0. 1
 41/18
|.|_p = 2

a ^ b
 1 0 1 0 1 0 1 0 1 0 1 0 1 0 1 0 1 0 0 1
-5/3

exp(log(a) * b)
 0 0 1 0 1 0 1 0 1 0 1 0 1 0 1 0 1 0 0 1
-5/3

1 / b
 0 0 0 0 0 0 0 0 0 0 0 0 0 0 0 0 0 0 0 1 v1
 2

(a ^ b) ^ 1/b
 1 0 0 0 1 1 1 0 0 0 1 1 1 0 0 1 0 0 0 1
 25/9

log(a)
 1 1 1 0 0 1 1 1 1 0 1 1 0 0 0 1 0 0 0 0

exp(log(a))
 1 0 0 0 1 1 1 0 0 0 1 1 1 0 0 1 0 0 0 1
 25/9


 17/35 + O(2^20)
 0 0 1 1 1 0 1 0 1 0 0 0 0 0 1 1 1 0 1 1
 16/15 + O(2^20)
 1 1 1 0 1 1 1 0 1 1 1 0 1 1 1 0 1 1 1 1 v4

d(a, b)
 0 1 0 0 1 0 1 1 1 0 0 1 0 1 0 0 1 0 1 1
-61/105
|.|_p = 1

a ^ b
 0 1 0 0 1 1 0 1 1 0 0 0 0 1 0 0 0 0 0 1
 225/161

exp(log(a) * b)
 0 1 0 0 1 1 0 1 1 0 0 0 0 1 0 0 0 0 0 1
 225/161

1 / b
 0 0 0 0 0 0 0 0 0 0 0 0 0 0 0 0. 1 1 1 1
 15/16

(a ^ b) ^ 1/b
 1 0 1 0 0 1 0 1 0 1 1 1 1 1 0 0 0 1 0 1
-17/35

log(a)
 1 0 1 0 0 0 1 0 0 0 1 1 0 0 1 1 1 1 0 0

exp(log(a))
 1 1 0 0 0 1 0 1 0 1 1 1 1 1 0 0 0 1 0 1
-17/35


 12/5 + O(2^20)
 0 1 1 0 0 1 1 0 0 1 1 0 0 1 1 0 0 1 1 1 v2
 20/3 + O(2^20)
 0 1 0 1 0 1 0 1 0 1 0 1 0 1 0 1 0 1 1 1 v2

d(a, b)
 0 0 0 1 0 0 0 1 0 0 0 1 0 0 0 1 0 0 0 0 v2
-64/15
|.|_p = 1/64

exp(a)
 0 1 0 1 0 1 1 0 1 0 0 1 1 0 1 0 0 1 0 1

log(exp(a))
 1 0 0 1 1 0 0 1 1 0 0 1 1 0 0 1 1 1 0 0
 12/5

exp(b)
 0 0 1 1 0 1 0 1 0 1 0 0 0 1 1 0 0 1 0 1

d(exp(a), exp(b))
 0 0 1 0 0 0 0 1 0 1 0 1 0 1 0 0 0 0 0 0
-5952/23
|.|_p = 1/64

log(exp(b))
 0 1 0 1 0 1 0 1 0 1 0 1 0 1 0 1 1 1 0 0
 20/3

exp(a+b)
 1 0 1 1 1 1 0 1 0 0 1 0 0 0 0 1 1 0 0 1

exp(a)*exp(b)
 1 0 1 1 1 1 0 1 0 0 1 0 0 0 0 1 1 0 0 1


 20412/1 + O(3^20)
 0 0 0 0 0 0 0 0 0 0 0 0 0 0 0 0 1 0 0 1 v6
 162/35 + O(3^20)
 1 0 1 0 0 0 2 0 2 2 1 1 1 0 1 0 0 0 2 1 v4

d(a, b)
 1 2 1 2 2 2 0 2 0 0 1 1 2 0 0 0 0 0 0 2 v4
 714258/35
|.|_p = 1/81

exp(a)
 1 2 0 1 2 1 1 2 0 0 1 0 0 1 0 0 0 0 0 1

log(exp(a))
 0 0 0 0 0 0 0 0 0 0 1 0 0 1 0 0 0 0 0 0
 20412

exp(b)
 1 1 1 2 2 2 0 1 2 1 1 2 0 0 2 1 0 0 0 1

d(exp(a), exp(b))
 0 0 1 1 2 2 1 0 0 1 2 1 0 0 0 2 0 0 0 0
 315981/1019
|.|_p = 1/81

log(exp(b))
 0 0 2 0 2 2 1 1 1 0 1 0 0 0 2 1 0 0 0 0
 162/35

exp(a+b)
 2 0 0 2 1 2 0 1 1 2 2 2 0 1 2 1 0 0 0 1

exp(a)*exp(b)
 2 0 0 2 1 2 0 1 1 2 2 2 0 1 2 1 0 0 0 1


 14/5 + O(3^20)
 0 1 2 1 0 1 2 1 0 1 2 1 0 1 2 1 0 2 0 1
 34/7 + O(3^20)
 1 2 0 1 0 2 1 2 0 1 0 2 1 2 0 1 1 0 0 1

d(a, b)
 1 2 1 2 2 2 0 2 0 0 1 1 1 2 1 2 2 2 0 0
-72/35
|.|_p = 1/9

a ^ b
 2 2 2 1 0 2 2 0 1 2 1 1 1 1 1 1 0 2 0 1
-23567/12082

exp(log(a) * b)
 2 2 2 1 0 2 2 0 1 2 1 1 1 1 1 1 0 2 0 1
-23567/12082

1 / b
 2 0 0 0 2 1 0 1 0 2 2 2 0 1 2 1 2 0 0 1
 7/34

(a ^ b) ^ 1/b
 0 1 2 1 0 1 2 1 0 1 2 1 0 1 2 1 0 2 0 1
 14/5

log(a)
 1 0 1 1 1 1 2 0 0 1 2 1 2 2 0 2 0 2 0 0

exp(log(a))
 0 1 2 1 0 1 2 1 0 1 2 1 0 1 2 1 0 2 0 1
 14/5

log(b)
 1 2 1 1 2 0 2 1 1 1 1 2 2 0 0 1 1 0 0 0

d(log(a), log(b))
 2 0 2 2 2 0 2 1 2 0 0 2 0 2 0 0 2 2 0 0
-43407/7892
|.|_p = 1/9

exp(log(b))
 1 2 0 1 0 2 1 2 0 1 0 2 1 2 0 1 1 0 0 1
 34/7

log(uv)
 0 0 0 0 0 2 1 1 2 0 1 1 1 2 1 0 1 2 0 0

log(u)+log(v)
 0 0 0 0 0 2 1 1 2 0 1 1 1 2 1 0 1 2 0 0


 9/5 + O(3^20)
 2 1 0 1 2 1 0 1 2 1 0 1 2 1 0 1 2 1 0 2 v2
 27/7 + O(3^20)
 1 0 2 1 2 0 1 0 2 1 2 0 1 0 2 1 2 0 1 1 v3

d(a, b)
 1 1 1 2 1 2 2 2 0 2 0 0 1 1 1 2 1 2 2 2 v2
-72/35
|.|_p = 1/9

exp(a)
 2 0 0 0 2 1 0 0 1 1 0 0 1 2 1 0 0 2 0 1

log(exp(a))
 0 1 2 1 0 1 2 1 0 1 2 1 0 1 2 1 0 2 0 0
 9/5

exp(b)
 2 2 2 0 0 1 2 1 1 2 1 2 1 1 0 1 1 0 0 1

d(exp(a), exp(b))
 2 0 1 0 1 2 0 1 2 1 1 1 0 1 0 1 2 2 0 0
-3582/1811
|.|_p = 1/9

log(exp(b))
 1 2 0 1 0 2 1 2 0 1 0 2 1 2 0 1 1 0 0 0
 27/7

exp(a+b)
 1 0 0 0 0 1 1 2 1 0 2 0 1 0 0 1 1 2 0 1

exp(a)*exp(b)
 1 0 0 0 0 1 1 2 1 0 2 0 1 0 0 1 1 2 0 1


-124/1 + O(5^15)
 4 4 4 4 4 4 4 4 4 4 4 4 0 0 1
-12/13 + O(5^15)
 3 0 1 4 3 0 1 4 3 0 1 4 3 0 1

d(a, b)
 1 4 3 0 1 4 3 0 1 4 2 4 2 0 0
-1600/13
|.|_p = 1/25

a ^ b
 1 1 1 1 3 1 3 3 0 1 4 4 0 0 1
-46184/33941

exp(log(a) * b)
 1 1 1 1 3 1 3 3 0 1 4 4 0 0 1
-46184/33941

1 / b
 2 0 2 0 2 0 2 0 2 0 2 0 2 0 1
-13/12

(a ^ b) ^ 1/b
 4 4 4 4 4 4 4 4 4 4 4 4 0 0 1
-124

log(a)
 4 2 0 0 4 0 2 2 1 4 4 4 0 0 0

exp(log(a))
 4 4 4 4 4 4 4 4 4 4 4 4 0 0 1
-124

log(b)
 0 3 1 3 1 1 1 3 0 4 4 4 3 0 0

d(log(a), log(b))
 3 3 3 2 2 4 0 4 0 4 4 4 2 0 0
 1005925/5546
|.|_p = 1/25

exp(log(b))
 3 0 1 4 3 0 1 4 3 0 1 4 3 0 1
-12/13

log(uv)
 0 0 1 4 0 1 4 0 2 4 4 3 3 0 0

log(u)+log(v)
 0 0 1 4 0 1 4 0 2 4 4 3 3 0 0


 15/2 + O(5^15)
 2 2 2 2 2 2 2 2 2 2 2 2 2 2 4 v1
 10/3 + O(5^15)
 3 1 3 1 3 1 3 1 3 1 3 1 3 1 4 v1

d(a, b)
 4 0 4 0 4 0 4 0 4 0 4 0 4 1 0 v1
 25/6
|.|_p = 1/25

exp(a)
 2 3 3 2 3 0 1 0 1 3 4 1 0 4 1

log(exp(a))
 2 2 2 2 2 2 2 2 2 2 2 2 2 4 0
 15/2

exp(b)
 1 4 1 0 2 4 3 3 2 3 4 2 4 4 1

d(exp(a), exp(b))
 0 4 2 2 0 0 2 1 3 4 4 3 1 0 0
-518775/16264
|.|_p = 1/25

log(exp(b))
 1 3 1 3 1 3 1 3 1 3 1 3 1 4 0
 10/3

exp(a+b)
 0 3 2 0 0 3 4 4 4 1 4 3 1 3 1

exp(a)*exp(b)
 0 3 2 0 0 3 4 4 4 1 4 3 1 3 1


-2/5 + O(7^15)
 5 4 1 2 5 4 1 2 5 4 1 2 5 4 1
-11/3 + O(7^15)
 4 4 4 4 4 4 4 4 4 4 4 4 4 4 1

d(a, b)
 0 6 3 5 0 6 3 5 0 6 3 5 1 0 0
 49/15
|.|_p = 1/49

a ^ b
 1 0 6 2 3 2 2 6 1 5 5 3 0 4 1
 320857/659405

exp(log(a) * b)
 1 0 6 2 3 2 2 6 1 5 5 3 0 4 1
 320857/659405

1 / b
 5 0 4 3 1 1 6 2 3 5 5 0 4 3 1
-3/11

(a ^ b) ^ 1/b
 5 4 1 2 5 4 1 2 5 4 1 2 5 4 1
-2/5

log(a)
 0 6 0 2 4 4 3 0 0 4 5 0 4 4 0

exp(log(a))
 5 4 1 2 5 4 1 2 5 4 1 2 5 4 1
-2/5

log(b)
 2 5 2 5 1 5 0 4 6 5 6 6 3 4 0

d(log(a), log(b))
 5 0 4 4 2 6 2 2 0 5 5 1 1 0 0
 14108521/131878
|.|_p = 1/49

exp(log(b))
 4 4 4 4 4 4 4 4 4 4 4 4 4 4 1
-11/3

log(uv)
 3 4 3 0 6 2 3 5 0 3 5 0 1 1 0

log(u)+log(v)
 3 4 3 0 6 2 3 5 0 3 5 0 1 1 0


 2058/5 + O(7^15)
 4 1 2 5 4 1 2 5 4 1 2 5 4 1 4 v3
 2695/3 + O(7^15)
 4 4 4 4 4 4 4 4 4 4 4 4 5 0 2 v2

d(a, b)
 3 5 0 6 3 5 0 6 3 5 0 6 3 3 5 v2
-7301/15
|.|_p = 1/49

exp(a)
 1 4 6 3 3 5 1 0 6 4 1 4 0 0 1

log(exp(a))
 5 4 1 2 5 4 1 2 5 4 1 4 0 0 0
 2058/5

exp(b)
 3 6 1 4 4 6 5 4 6 5 0 0 2 0 1

d(exp(a), exp(b))
 4 5 4 5 5 5 2 2 6 6 1 3 5 0 0
-14030219/5521
|.|_p = 1/49

log(exp(b))
 4 4 4 4 4 4 4 4 4 4 5 0 2 0 0
 2695/3

exp(a+b)
 2 4 3 5 1 3 5 0 2 3 1 4 2 0 1

exp(a)*exp(b)
 2 4 3 5 1 3 5 0 2 3 1 4 2 0 1


Koblitz p.29
 11/1 + O(5^12)
 0 0 0 0 0 0 0 0 0 0 2 1
 1/601 + O(5^12)
 4 4 4 3 4 4 0 0 0 1 0 1

d(a, b)
 0 0 0 1 0 0 4 4 4 4 2 0
 6610/601
|.|_p = 1/5

a ^ b
 4 0 0 0 2 3 2 2 2 0 2 1
-13562/6483

exp(log(a) * b)
 4 0 0 0 2 3 2 2 2 0 2 1
-13562/6483

1 / b
 0 0 0 0 0 0 0 0 4 4 0 1
 601

(a ^ b) ^ 1/b
 0 0 0 0 0 0 0 0 0 0 2 1
 11

log(a)
 3 2 3 1 3 3 4 0 0 3 2 0

exp(log(a))
 0 0 0 0 0 0 0 0 0 0 2 1
 11

log(b)
 2 0 3 0 0 3 2 2 0 1 0 0

d(log(a), log(b))
 1 2 0 1 3 0 1 3 0 2 2 0
 610/31
|.|_p = 1/5

exp(log(b))
 4 4 4 3 4 4 0 0 0 1 0 1
 1/601

log(uv)
 0 3 1 1 4 2 1 2 0 4 2 0

log(u)+log(v)
 0 3 1 1 4 2 1 2 0 4 2 0


 1/10 + O(3^12)
 2 2 0 0 2 2 0 0 2 2 0 1
 1/2 + O(3^12)
 1 1 1 1 1 1 1 1 1 1 1 2

d(a, b)
 1 0 1 2 1 0 1 2 1 0 1 2
-2/5
|.|_p = 1

a ^ b
 1 1 2 1 2 2 0 1 1 1 0 1
 233/107

exp(log(a) * b)
 1 1 2 1 2 2 0 1 1 1 0 1
 233/107

1 / b
 0 0 0 0 0 0 0 0 0 0 0 2
 2

(a ^ b) ^ 1/b
 2 2 0 0 2 2 0 0 2 2 0 1
 1/10

log(a)
 2 0 0 2 1 1 0 1 2 2 0 0

exp(log(a))
 2 2 0 0 2 2 0 0 2 2 0 1
 1/10


-6/1 + O(7^12)
 6 6 6 6 6 6 6 6 6 6 6 1
 83/171 + O(7^12)
 3 4 1 3 4 1 3 4 1 3 4 2

d(a, b)
 3 2 5 3 2 5 3 2 5 3 1 6
-1109/171
|.|_p = 1

a ^ b
 4 6 6 5 3 3 6 2 2 3 5 1
 67870/66911

exp(log(a) * b)
 4 6 6 5 3 3 6 2 2 3 5 1
 67870/66911

1 / b
 2 0 5 2 1 2 3 0 5 6 2 4
 171/83

(a ^ b) ^ 1/b
 6 6 6 6 6 6 6 6 6 6 6 1
-6

log(a)
 3 3 2 5 4 2 4 3 5 2 6 0

exp(log(a))
 6 6 6 6 6 6 6 6 6 6 6 1
-6



 257/3 + O(127^9)
 42 42 42 42 42 42 42 43 1
 383/2 + O(127^9)
 63 63 63 63 63 63 63 65 1

d(a, b)
 105 105 105 105 105 105 105 105 0
-635/6
|.|_p = 1/127

a ^ b
 103 14 57 126 31 0 43 43 1
 2022577435/1231631976

exp(log(a) * b)
 103 14 57 126 31 0 43 43 1
 2022577435/1231631976

1 / b
 74 77 33 20 28 107 97 62 1
 2/383

(a ^ b) ^ 1/b
 42 42 42 42 42 42 42 43 1
 257/3

log(a)
 37 11 45 121 21 114 70 43 0

exp(log(a))
 42 42 42 42 42 42 42 43 1
 257/3

log(b)
 106 8 19 43 123 96 46 65 0

d(log(a), log(b))
 58 3 26 77 25 18 23 105 0
 16090509221/221889767
|.|_p = 1/127

exp(log(b))
 63 63 63 63 63 63 63 65 1
 383/2

log(uv)
 16 19 65 38 18 83 116 108 0

log(u)+log(v)
 16 19 65 38 18 83 116 108 0


 254/3 + O(127^9)
 42 42 42 42 42 42 42 42 43 v1
 381/2 + O(127^9)
 63 63 63 63 63 63 63 63 65 v1

d(a, b)
 105 105 105 105 105 105 105 105 105 v1
-635/6
|.|_p = 1/127

exp(a)
 95 115 32 13 110 36 14 43 1

log(exp(a))
 42 42 42 42 42 42 42 43 0
 254/3

exp(b)
 5 15 6 62 34 119 80 65 1

d(exp(a), exp(b))
 90 100 25 78 75 43 60 105 0
-23979856917/110997152
|.|_p = 1/127

log(exp(b))
 63 63 63 63 63 63 63 65 0
 381/2

exp(a+b)
 116 29 68 93 120 82 95 108 1

exp(a)*exp(b)
 116 29 68 93 120 82 95 108 1


timer: 0.0191459s
